<?xml version="1.0" encoding="utf-8" standalone="no"?>
<test-results xmlns:xsi="http://www.w3.org/2001/XMLSchema-instance" xsi:noNamespaceSchemaLocation="nunit_schema_2.5.xsd" name="Pester" total="29" errors="0" failures="0" not-run="0" inconclusive="0" ignored="159" skipped="0" invalid="0" date="2023-06-14" time="16:32:10">
  <environment platform="Microsoft Windows 11 Enterprise|C:\WINDOWS|\Device\Harddisk0\Partition4" user-domain="MININT-3RDDDQ0" nunit-version="2.5.8.0" clr-version="Unknown" machine-name="MININT-3RDDDQ0" os-version="10.0.22000" cwd="C:\azure-powershell\src\RecoveryServices\RecoveryServices.SiteRecovery.Autorest" user="Administrator" />
  <culture-info current-culture="en-US" current-uiculture="en-US" />
  <test-suite type="TestFixture" name="Pester" executed="True" result="Ignored" success="True" time="1715.9364" asserts="0" description="Pester">
    <results>
      <test-suite type="TestFixture" name="C:\azure-powershell\src\RecoveryServices\RecoveryServices.SiteRecovery.Autorest\test\Add-AzRecoveryServicesReplicationProtectedItemDisk.Tests.ps1" executed="True" result="Ignored" success="True" time="1.2397" asserts="0" description="C:\azure-powershell\src\RecoveryServices\RecoveryServices.SiteRecovery.Autorest\test\Add-AzRecoveryServicesReplicationProtectedItemDisk.Tests.ps1">
        <results>
          <test-suite type="TestFixture" name="Add-AzRecoveryServicesReplicationProtectedItemDisk" executed="True" result="Ignored" success="True" time="0.6858" asserts="0" description="Add-AzRecoveryServicesReplicationProtectedItemDisk">
            <results>
              <test-case description="AddExpanded" name="Add-AzRecoveryServicesReplicationProtectedItemDisk.AddExpanded" time="0" asserts="0" success="True" result="Ignored" executed="False" />
              <test-case description="Add" name="Add-AzRecoveryServicesReplicationProtectedItemDisk.Add" time="0" asserts="0" success="True" result="Ignored" executed="False" />
            </results>
          </test-suite>
        </results>
      </test-suite>
      <test-suite type="TestFixture" name="C:\azure-powershell\src\RecoveryServices\RecoveryServices.SiteRecovery.Autorest\test\Add-AzRecoveryServicesReplicationProtectedItemRecoveryPoint.Tests.ps1" executed="True" result="Ignored" success="True" time="0.4905" asserts="0" description="C:\azure-powershell\src\RecoveryServices\RecoveryServices.SiteRecovery.Autorest\test\Add-AzRecoveryServicesReplicationProtectedItemRecoveryPoint.Tests.ps1">
        <results>
          <test-suite type="TestFixture" name="Add-AzRecoveryServicesReplicationProtectedItemRecoveryPoint" executed="True" result="Ignored" success="True" time="0.0841" asserts="0" description="Add-AzRecoveryServicesReplicationProtectedItemRecoveryPoint">
            <results>
              <test-case description="ApplyExpanded" name="Add-AzRecoveryServicesReplicationProtectedItemRecoveryPoint.ApplyExpanded" time="0" asserts="0" success="True" result="Ignored" executed="False" />
              <test-case description="Apply" name="Add-AzRecoveryServicesReplicationProtectedItemRecoveryPoint.Apply" time="0" asserts="0" success="True" result="Ignored" executed="False" />
            </results>
          </test-suite>
        </results>
      </test-suite>
      <test-suite type="TestFixture" name="C:\azure-powershell\src\RecoveryServices\RecoveryServices.SiteRecovery.Autorest\test\Clear-AzRecoveryServicesReplicationFabric.Tests.ps1" executed="True" result="Ignored" success="True" time="0.5922" asserts="0" description="C:\azure-powershell\src\RecoveryServices\RecoveryServices.SiteRecovery.Autorest\test\Clear-AzRecoveryServicesReplicationFabric.Tests.ps1">
        <results>
          <test-suite type="TestFixture" name="Clear-AzRecoveryServicesReplicationFabric" executed="True" result="Ignored" success="True" time="0.1003" asserts="0" description="Clear-AzRecoveryServicesReplicationFabric">
            <results>
              <test-case description="Purge" name="Clear-AzRecoveryServicesReplicationFabric.Purge" time="0" asserts="0" success="True" result="Ignored" executed="False" />
            </results>
          </test-suite>
        </results>
      </test-suite>
      <test-suite type="TestFixture" name="C:\azure-powershell\src\RecoveryServices\RecoveryServices.SiteRecovery.Autorest\test\Clear-AzRecoveryServicesReplicationProtectedItem.Tests.ps1" executed="True" result="Ignored" success="True" time="0.5129" asserts="0" description="C:\azure-powershell\src\RecoveryServices\RecoveryServices.SiteRecovery.Autorest\test\Clear-AzRecoveryServicesReplicationProtectedItem.Tests.ps1">
        <results>
          <test-suite type="TestFixture" name="Clear-AzRecoveryServicesReplicationProtectedItem" executed="True" result="Ignored" success="True" time="0.0711" asserts="0" description="Clear-AzRecoveryServicesReplicationProtectedItem">
            <results>
              <test-case description="Purge" name="Clear-AzRecoveryServicesReplicationProtectedItem.Purge" time="0" asserts="0" success="True" result="Ignored" executed="False" />
            </results>
          </test-suite>
        </results>
      </test-suite>
      <test-suite type="TestFixture" name="C:\azure-powershell\src\RecoveryServices\RecoveryServices.SiteRecovery.Autorest\test\Clear-AzRecoveryServicesReplicationProtectionContainerMapping.Tests.ps1" executed="True" result="Success" success="True" time="40.5302" asserts="0" description="C:\azure-powershell\src\RecoveryServices\RecoveryServices.SiteRecovery.Autorest\test\Clear-AzRecoveryServicesReplicationProtectionContainerMapping.Tests.ps1">
        <results>
          <test-suite type="TestFixture" name="Clear-AzRecoveryServicesReplicationProtectionContainerMapping" executed="True" result="Success" success="True" time="40.1247" asserts="0" description="Clear-AzRecoveryServicesReplicationProtectionContainerMapping">
            <results>
              <test-case description="Purge" name="Clear-AzRecoveryServicesReplicationProtectionContainerMapping.Purge" time="39.9803" asserts="0" success="True" result="Success" executed="True" />
            </results>
          </test-suite>
        </results>
      </test-suite>
      <test-suite type="TestFixture" name="C:\azure-powershell\src\RecoveryServices\RecoveryServices.SiteRecovery.Autorest\test\Clear-AzRecoveryServicesReplicationRecoveryServicesProvider.Tests.ps1" executed="True" result="Ignored" success="True" time="0.5465" asserts="0" description="C:\azure-powershell\src\RecoveryServices\RecoveryServices.SiteRecovery.Autorest\test\Clear-AzRecoveryServicesReplicationRecoveryServicesProvider.Tests.ps1">
        <results>
          <test-suite type="TestFixture" name="Clear-AzRecoveryServicesReplicationRecoveryServicesProvider" executed="True" result="Ignored" success="True" time="0.1" asserts="0" description="Clear-AzRecoveryServicesReplicationRecoveryServicesProvider">
            <results>
              <test-case description="Purge" name="Clear-AzRecoveryServicesReplicationRecoveryServicesProvider.Purge" time="0" asserts="0" success="True" result="Ignored" executed="False" />
            </results>
          </test-suite>
        </results>
      </test-suite>
      <test-suite type="TestFixture" name="C:\azure-powershell\src\RecoveryServices\RecoveryServices.SiteRecovery.Autorest\test\Export-AzRecoveryServicesReplicationJob.Tests.ps1" executed="True" result="Ignored" success="True" time="0.4832" asserts="0" description="C:\azure-powershell\src\RecoveryServices\RecoveryServices.SiteRecovery.Autorest\test\Export-AzRecoveryServicesReplicationJob.Tests.ps1">
        <results>
          <test-suite type="TestFixture" name="Export-AzRecoveryServicesReplicationJob" executed="True" result="Ignored" success="True" time="0.0792" asserts="0" description="Export-AzRecoveryServicesReplicationJob">
            <results>
              <test-case description="ExportExpanded" name="Export-AzRecoveryServicesReplicationJob.ExportExpanded" time="0" asserts="0" success="True" result="Ignored" executed="False" />
              <test-case description="Export" name="Export-AzRecoveryServicesReplicationJob.Export" time="0" asserts="0" success="True" result="Ignored" executed="False" />
            </results>
          </test-suite>
        </results>
      </test-suite>
      <test-suite type="TestFixture" name="C:\azure-powershell\src\RecoveryServices\RecoveryServices.SiteRecovery.Autorest\test\Find-AzRecoveryServicesReplicationProtectionContainerProtectableItem.Tests.ps1" executed="True" result="Ignored" success="True" time="0.5013" asserts="0" description="C:\azure-powershell\src\RecoveryServices\RecoveryServices.SiteRecovery.Autorest\test\Find-AzRecoveryServicesReplicationProtectionContainerProtectableItem.Tests.ps1">
        <results>
          <test-suite type="TestFixture" name="Find-AzRecoveryServicesReplicationProtectionContainerProtectableItem" executed="True" result="Ignored" success="True" time="0.0774" asserts="0" description="Find-AzRecoveryServicesReplicationProtectionContainerProtectableItem">
            <results>
              <test-case description="DiscoverExpanded" name="Find-AzRecoveryServicesReplicationProtectionContainerProtectableItem.DiscoverExpanded" time="0" asserts="0" success="True" result="Ignored" executed="False" />
              <test-case description="Discover" name="Find-AzRecoveryServicesReplicationProtectionContainerProtectableItem.Discover" time="0" asserts="0" success="True" result="Ignored" executed="False" />
            </results>
          </test-suite>
        </results>
      </test-suite>
      <test-suite type="TestFixture" name="C:\azure-powershell\src\RecoveryServices\RecoveryServices.SiteRecovery.Autorest\test\Get-AzRecoveryServicesMigrationRecoveryPoint.Tests.ps1" executed="True" result="Ignored" success="True" time="0.5111" asserts="0" description="C:\azure-powershell\src\RecoveryServices\RecoveryServices.SiteRecovery.Autorest\test\Get-AzRecoveryServicesMigrationRecoveryPoint.Tests.ps1">
        <results>
          <test-suite type="TestFixture" name="Get-AzRecoveryServicesMigrationRecoveryPoint" executed="True" result="Ignored" success="True" time="0.0936" asserts="0" description="Get-AzRecoveryServicesMigrationRecoveryPoint">
            <results>
              <test-case description="List" name="Get-AzRecoveryServicesMigrationRecoveryPoint.List" time="0" asserts="0" success="True" result="Ignored" executed="False" />
              <test-case description="Get" name="Get-AzRecoveryServicesMigrationRecoveryPoint.Get" time="0" asserts="0" success="True" result="Ignored" executed="False" />
            </results>
          </test-suite>
        </results>
      </test-suite>
      <test-suite type="TestFixture" name="C:\azure-powershell\src\RecoveryServices\RecoveryServices.SiteRecovery.Autorest\test\Get-AzRecoveryServicesRecoveryPoint.Tests.ps1" executed="True" result="Ignored" success="True" time="0.5005" asserts="0" description="C:\azure-powershell\src\RecoveryServices\RecoveryServices.SiteRecovery.Autorest\test\Get-AzRecoveryServicesRecoveryPoint.Tests.ps1">
        <results>
          <test-suite type="TestFixture" name="Get-AzRecoveryServicesRecoveryPoint" executed="True" result="Ignored" success="True" time="0.0771" asserts="0" description="Get-AzRecoveryServicesRecoveryPoint">
            <results>
              <test-case description="List" name="Get-AzRecoveryServicesRecoveryPoint.List" time="0" asserts="0" success="True" result="Ignored" executed="False" />
              <test-case description="Get" name="Get-AzRecoveryServicesRecoveryPoint.Get" time="0" asserts="0" success="True" result="Ignored" executed="False" />
            </results>
          </test-suite>
        </results>
      </test-suite>
      <test-suite type="TestFixture" name="C:\azure-powershell\src\RecoveryServices\RecoveryServices.SiteRecovery.Autorest\test\Get-AzRecoveryServicesReplicationAlertSetting.Tests.ps1" executed="True" result="Ignored" success="True" time="0.4906" asserts="0" description="C:\azure-powershell\src\RecoveryServices\RecoveryServices.SiteRecovery.Autorest\test\Get-AzRecoveryServicesReplicationAlertSetting.Tests.ps1">
        <results>
          <test-suite type="TestFixture" name="Get-AzRecoveryServicesReplicationAlertSetting" executed="True" result="Ignored" success="True" time="0.0806" asserts="0" description="Get-AzRecoveryServicesReplicationAlertSetting">
            <results>
              <test-case description="List" name="Get-AzRecoveryServicesReplicationAlertSetting.List" time="0" asserts="0" success="True" result="Ignored" executed="False" />
              <test-case description="Get" name="Get-AzRecoveryServicesReplicationAlertSetting.Get" time="0" asserts="0" success="True" result="Ignored" executed="False" />
            </results>
          </test-suite>
        </results>
      </test-suite>
      <test-suite type="TestFixture" name="C:\azure-powershell\src\RecoveryServices\RecoveryServices.SiteRecovery.Autorest\test\Get-AzRecoveryServicesReplicationAppliance.Tests.ps1" executed="True" result="Ignored" success="True" time="0.5164" asserts="0" description="C:\azure-powershell\src\RecoveryServices\RecoveryServices.SiteRecovery.Autorest\test\Get-AzRecoveryServicesReplicationAppliance.Tests.ps1">
        <results>
          <test-suite type="TestFixture" name="Get-AzRecoveryServicesReplicationAppliance" executed="True" result="Ignored" success="True" time="0.0878" asserts="0" description="Get-AzRecoveryServicesReplicationAppliance">
            <results>
              <test-case description="List" name="Get-AzRecoveryServicesReplicationAppliance.List" time="0" asserts="0" success="True" result="Ignored" executed="False" />
            </results>
          </test-suite>
        </results>
      </test-suite>
      <test-suite type="TestFixture" name="C:\azure-powershell\src\RecoveryServices\RecoveryServices.SiteRecovery.Autorest\test\Get-AzRecoveryServicesReplicationEligibilityResult.Tests.ps1" executed="True" result="Ignored" success="True" time="0.5269" asserts="0" description="C:\azure-powershell\src\RecoveryServices\RecoveryServices.SiteRecovery.Autorest\test\Get-AzRecoveryServicesReplicationEligibilityResult.Tests.ps1">
        <results>
          <test-suite type="TestFixture" name="Get-AzRecoveryServicesReplicationEligibilityResult" executed="True" result="Ignored" success="True" time="0.0803" asserts="0" description="Get-AzRecoveryServicesReplicationEligibilityResult">
            <results>
              <test-case description="Get" name="Get-AzRecoveryServicesReplicationEligibilityResult.Get" time="0" asserts="0" success="True" result="Ignored" executed="False" />
            </results>
          </test-suite>
        </results>
      </test-suite>
      <test-suite type="TestFixture" name="C:\azure-powershell\src\RecoveryServices\RecoveryServices.SiteRecovery.Autorest\test\Get-AzRecoveryServicesReplicationEvent.Tests.ps1" executed="True" result="Ignored" success="True" time="0.5114" asserts="0" description="C:\azure-powershell\src\RecoveryServices\RecoveryServices.SiteRecovery.Autorest\test\Get-AzRecoveryServicesReplicationEvent.Tests.ps1">
        <results>
          <test-suite type="TestFixture" name="Get-AzRecoveryServicesReplicationEvent" executed="True" result="Ignored" success="True" time="0.0804" asserts="0" description="Get-AzRecoveryServicesReplicationEvent">
            <results>
              <test-case description="List" name="Get-AzRecoveryServicesReplicationEvent.List" time="0" asserts="0" success="True" result="Ignored" executed="False" />
              <test-case description="Get" name="Get-AzRecoveryServicesReplicationEvent.Get" time="0" asserts="0" success="True" result="Ignored" executed="False" />
            </results>
          </test-suite>
        </results>
      </test-suite>
      <test-suite type="TestFixture" name="C:\azure-powershell\src\RecoveryServices\RecoveryServices.SiteRecovery.Autorest\test\Get-AzRecoveryServicesReplicationFabric.Tests.ps1" executed="True" result="Success" success="True" time="2.7643" asserts="0" description="C:\azure-powershell\src\RecoveryServices\RecoveryServices.SiteRecovery.Autorest\test\Get-AzRecoveryServicesReplicationFabric.Tests.ps1">
        <results>
          <test-suite type="TestFixture" name="Get-AzRecoveryServicesReplicationFabric" executed="True" result="Success" success="True" time="2.3226" asserts="0" description="Get-AzRecoveryServicesReplicationFabric">
            <results>
              <test-case description="List" name="Get-AzRecoveryServicesReplicationFabric.List" time="0.7219" asserts="0" success="True" result="Success" executed="True" />
              <test-case description="Get" name="Get-AzRecoveryServicesReplicationFabric.Get" time="0.7125" asserts="0" success="True" result="Success" executed="True" />
              <test-case description="GetByName" name="Get-AzRecoveryServicesReplicationFabric.GetByName" time="0.771" asserts="0" success="True" result="Success" executed="True" />
            </results>
          </test-suite>
        </results>
      </test-suite>
      <test-suite type="TestFixture" name="C:\azure-powershell\src\RecoveryServices\RecoveryServices.SiteRecovery.Autorest\test\Get-AzRecoveryServicesReplicationJob.Tests.ps1" executed="True" result="Ignored" success="True" time="0.5702" asserts="0" description="C:\azure-powershell\src\RecoveryServices\RecoveryServices.SiteRecovery.Autorest\test\Get-AzRecoveryServicesReplicationJob.Tests.ps1">
        <results>
          <test-suite type="TestFixture" name="Get-AzRecoveryServicesReplicationJob" executed="True" result="Ignored" success="True" time="0.0803" asserts="0" description="Get-AzRecoveryServicesReplicationJob">
            <results>
              <test-case description="List" name="Get-AzRecoveryServicesReplicationJob.List" time="0" asserts="0" success="True" result="Ignored" executed="False" />
              <test-case description="Get" name="Get-AzRecoveryServicesReplicationJob.Get" time="0" asserts="0" success="True" result="Ignored" executed="False" />
            </results>
          </test-suite>
        </results>
      </test-suite>
      <test-suite type="TestFixture" name="C:\azure-powershell\src\RecoveryServices\RecoveryServices.SiteRecovery.Autorest\test\Get-AzRecoveryServicesReplicationLogicalNetwork.Tests.ps1" executed="True" result="Ignored" success="True" time="0.5229" asserts="0" description="C:\azure-powershell\src\RecoveryServices\RecoveryServices.SiteRecovery.Autorest\test\Get-AzRecoveryServicesReplicationLogicalNetwork.Tests.ps1">
        <results>
          <test-suite type="TestFixture" name="Get-AzRecoveryServicesReplicationLogicalNetwork" executed="True" result="Ignored" success="True" time="0.0894" asserts="0" description="Get-AzRecoveryServicesReplicationLogicalNetwork">
            <results>
              <test-case description="List" name="Get-AzRecoveryServicesReplicationLogicalNetwork.List" time="0" asserts="0" success="True" result="Ignored" executed="False" />
              <test-case description="Get" name="Get-AzRecoveryServicesReplicationLogicalNetwork.Get" time="0" asserts="0" success="True" result="Ignored" executed="False" />
            </results>
          </test-suite>
        </results>
      </test-suite>
      <test-suite type="TestFixture" name="C:\azure-powershell\src\RecoveryServices\RecoveryServices.SiteRecovery.Autorest\test\Get-AzRecoveryServicesReplicationMigrationItem.Tests.ps1" executed="True" result="Ignored" success="True" time="0.5117" asserts="0" description="C:\azure-powershell\src\RecoveryServices\RecoveryServices.SiteRecovery.Autorest\test\Get-AzRecoveryServicesReplicationMigrationItem.Tests.ps1">
        <results>
          <test-suite type="TestFixture" name="Get-AzRecoveryServicesReplicationMigrationItem" executed="True" result="Ignored" success="True" time="0.0867" asserts="0" description="Get-AzRecoveryServicesReplicationMigrationItem">
            <results>
              <test-case description="List1" name="Get-AzRecoveryServicesReplicationMigrationItem.List1" time="0" asserts="0" success="True" result="Ignored" executed="False" />
              <test-case description="List" name="Get-AzRecoveryServicesReplicationMigrationItem.List" time="0" asserts="0" success="True" result="Ignored" executed="False" />
              <test-case description="Get" name="Get-AzRecoveryServicesReplicationMigrationItem.Get" time="0" asserts="0" success="True" result="Ignored" executed="False" />
            </results>
          </test-suite>
        </results>
      </test-suite>
      <test-suite type="TestFixture" name="C:\azure-powershell\src\RecoveryServices\RecoveryServices.SiteRecovery.Autorest\test\Get-AzRecoveryServicesReplicationNetwork.Tests.ps1" executed="True" result="Ignored" success="True" time="0.5251" asserts="0" description="C:\azure-powershell\src\RecoveryServices\RecoveryServices.SiteRecovery.Autorest\test\Get-AzRecoveryServicesReplicationNetwork.Tests.ps1">
        <results>
          <test-suite type="TestFixture" name="Get-AzRecoveryServicesReplicationNetwork" executed="True" result="Ignored" success="True" time="0.0923" asserts="0" description="Get-AzRecoveryServicesReplicationNetwork">
            <results>
              <test-case description="List1" name="Get-AzRecoveryServicesReplicationNetwork.List1" time="0" asserts="0" success="True" result="Ignored" executed="False" />
              <test-case description="List" name="Get-AzRecoveryServicesReplicationNetwork.List" time="0" asserts="0" success="True" result="Ignored" executed="False" />
              <test-case description="Get" name="Get-AzRecoveryServicesReplicationNetwork.Get" time="0" asserts="0" success="True" result="Ignored" executed="False" />
            </results>
          </test-suite>
        </results>
      </test-suite>
      <test-suite type="TestFixture" name="C:\azure-powershell\src\RecoveryServices\RecoveryServices.SiteRecovery.Autorest\test\Get-AzRecoveryServicesReplicationNetworkMapping.Tests.ps1" executed="True" result="Ignored" success="True" time="0.5218" asserts="0" description="C:\azure-powershell\src\RecoveryServices\RecoveryServices.SiteRecovery.Autorest\test\Get-AzRecoveryServicesReplicationNetworkMapping.Tests.ps1">
        <results>
          <test-suite type="TestFixture" name="Get-AzRecoveryServicesReplicationNetworkMapping" executed="True" result="Ignored" success="True" time="0.1208" asserts="0" description="Get-AzRecoveryServicesReplicationNetworkMapping">
            <results>
              <test-case description="List1" name="Get-AzRecoveryServicesReplicationNetworkMapping.List1" time="0" asserts="0" success="True" result="Ignored" executed="False" />
              <test-case description="List" name="Get-AzRecoveryServicesReplicationNetworkMapping.List" time="0" asserts="0" success="True" result="Ignored" executed="False" />
              <test-case description="Get" name="Get-AzRecoveryServicesReplicationNetworkMapping.Get" time="0" asserts="0" success="True" result="Ignored" executed="False" />
            </results>
          </test-suite>
        </results>
      </test-suite>
      <test-suite type="TestFixture" name="C:\azure-powershell\src\RecoveryServices\RecoveryServices.SiteRecovery.Autorest\test\Get-AzRecoveryServicesReplicationPolicy.Tests.ps1" executed="True" result="Success" success="True" time="1.8859" asserts="0" description="C:\azure-powershell\src\RecoveryServices\RecoveryServices.SiteRecovery.Autorest\test\Get-AzRecoveryServicesReplicationPolicy.Tests.ps1">
        <results>
          <test-suite type="TestFixture" name="Get-AzRecoveryServicesReplicationPolicy" executed="True" result="Success" success="True" time="1.4776" asserts="0" description="Get-AzRecoveryServicesReplicationPolicy">
            <results>
              <test-case description="List" name="Get-AzRecoveryServicesReplicationPolicy.List" time="0.6868" asserts="0" success="True" result="Success" executed="True" />
              <test-case description="Get" name="Get-AzRecoveryServicesReplicationPolicy.Get" time="0.6887" asserts="0" success="True" result="Success" executed="True" />
            </results>
          </test-suite>
        </results>
      </test-suite>
      <test-suite type="TestFixture" name="C:\azure-powershell\src\RecoveryServices\RecoveryServices.SiteRecovery.Autorest\test\Get-AzRecoveryServicesReplicationProtectableItem.Tests.ps1" executed="True" result="Ignored" success="True" time="0.5587" asserts="0" description="C:\azure-powershell\src\RecoveryServices\RecoveryServices.SiteRecovery.Autorest\test\Get-AzRecoveryServicesReplicationProtectableItem.Tests.ps1">
        <results>
          <test-suite type="TestFixture" name="Get-AzRecoveryServicesReplicationProtectableItem" executed="True" result="Ignored" success="True" time="0.0795" asserts="0" description="Get-AzRecoveryServicesReplicationProtectableItem">
            <results>
              <test-case description="List" name="Get-AzRecoveryServicesReplicationProtectableItem.List" time="0" asserts="0" success="True" result="Ignored" executed="False" />
              <test-case description="Get" name="Get-AzRecoveryServicesReplicationProtectableItem.Get" time="0" asserts="0" success="True" result="Ignored" executed="False" />
            </results>
          </test-suite>
        </results>
      </test-suite>
      <test-suite type="TestFixture" name="C:\azure-powershell\src\RecoveryServices\RecoveryServices.SiteRecovery.Autorest\test\Get-AzRecoveryServicesReplicationProtectedItem.Tests.ps1" executed="True" result="Success" success="True" time="6.1736" asserts="0" description="C:\azure-powershell\src\RecoveryServices\RecoveryServices.SiteRecovery.Autorest\test\Get-AzRecoveryServicesReplicationProtectedItem.Tests.ps1">
        <results>
          <test-suite type="TestFixture" name="Get-AzRecoveryServicesReplicationProtectedItem" executed="True" result="Success" success="True" time="5.7274" asserts="0" description="Get-AzRecoveryServicesReplicationProtectedItem">
            <results>
              <test-case description="List1" name="Get-AzRecoveryServicesReplicationProtectedItem.List1" time="1.3337" asserts="0" success="True" result="Success" executed="True" />
              <test-case description="List" name="Get-AzRecoveryServicesReplicationProtectedItem.List" time="2.176" asserts="0" success="True" result="Success" executed="True" />
              <test-case description="Get" name="Get-AzRecoveryServicesReplicationProtectedItem.Get" time="2.1279" asserts="0" success="True" result="Success" executed="True" />
            </results>
          </test-suite>
        </results>
      </test-suite>
      <test-suite type="TestFixture" name="C:\azure-powershell\src\RecoveryServices\RecoveryServices.SiteRecovery.Autorest\test\Get-AzRecoveryServicesReplicationProtectionContainer.Tests.ps1" executed="True" result="Success" success="True" time="3.9744" asserts="0" description="C:\azure-powershell\src\RecoveryServices\RecoveryServices.SiteRecovery.Autorest\test\Get-AzRecoveryServicesReplicationProtectionContainer.Tests.ps1">
        <results>
          <test-suite type="TestFixture" name="Get-AzRecoveryServicesReplicationProtectionContainer" executed="True" result="Success" success="True" time="3.5353" asserts="0" description="Get-AzRecoveryServicesReplicationProtectionContainer">
            <results>
              <test-case description="List1" name="Get-AzRecoveryServicesReplicationProtectionContainer.List1" time="0.5908" asserts="0" success="True" result="Success" executed="True" />
              <test-case description="List" name="Get-AzRecoveryServicesReplicationProtectionContainer.List" time="1.2357" asserts="0" success="True" result="Success" executed="True" />
              <test-case description="Get" name="Get-AzRecoveryServicesReplicationProtectionContainer.Get" time="1.5615" asserts="0" success="True" result="Success" executed="True" />
            </results>
          </test-suite>
        </results>
      </test-suite>
      <test-suite type="TestFixture" name="C:\azure-powershell\src\RecoveryServices\RecoveryServices.SiteRecovery.Autorest\test\Get-AzRecoveryServicesReplicationProtectionContainerMapping.Tests.ps1" executed="True" result="Success" success="True" time="5.6702" asserts="0" description="C:\azure-powershell\src\RecoveryServices\RecoveryServices.SiteRecovery.Autorest\test\Get-AzRecoveryServicesReplicationProtectionContainerMapping.Tests.ps1">
        <results>
          <test-suite type="TestFixture" name="Get-AzRecoveryServicesReplicationProtectionContainerMapping" executed="True" result="Success" success="True" time="5.2566" asserts="0" description="Get-AzRecoveryServicesReplicationProtectionContainerMapping">
            <results>
              <test-case description="List1" name="Get-AzRecoveryServicesReplicationProtectionContainerMapping.List1" time="0.6857" asserts="0" success="True" result="Success" executed="True" />
              <test-case description="List" name="Get-AzRecoveryServicesReplicationProtectionContainerMapping.List" time="2.0762" asserts="0" success="True" result="Success" executed="True" />
              <test-case description="Get" name="Get-AzRecoveryServicesReplicationProtectionContainerMapping.Get" time="2.4016" asserts="0" success="True" result="Success" executed="True" />
            </results>
          </test-suite>
        </results>
      </test-suite>
      <test-suite type="TestFixture" name="C:\azure-powershell\src\RecoveryServices\RecoveryServices.SiteRecovery.Autorest\test\Get-AzRecoveryServicesReplicationProtectionIntent.Tests.ps1" executed="True" result="Ignored" success="True" time="0.5075" asserts="0" description="C:\azure-powershell\src\RecoveryServices\RecoveryServices.SiteRecovery.Autorest\test\Get-AzRecoveryServicesReplicationProtectionIntent.Tests.ps1">
        <results>
          <test-suite type="TestFixture" name="Get-AzRecoveryServicesReplicationProtectionIntent" executed="True" result="Ignored" success="True" time="0.086" asserts="0" description="Get-AzRecoveryServicesReplicationProtectionIntent">
            <results>
              <test-case description="List" name="Get-AzRecoveryServicesReplicationProtectionIntent.List" time="0" asserts="0" success="True" result="Ignored" executed="False" />
              <test-case description="Get" name="Get-AzRecoveryServicesReplicationProtectionIntent.Get" time="0" asserts="0" success="True" result="Ignored" executed="False" />
            </results>
          </test-suite>
        </results>
      </test-suite>
      <test-suite type="TestFixture" name="C:\azure-powershell\src\RecoveryServices\RecoveryServices.SiteRecovery.Autorest\test\Get-AzRecoveryServicesReplicationRecoveryPlan.Tests.ps1" executed="True" result="Ignored" success="True" time="0.5217" asserts="0" description="C:\azure-powershell\src\RecoveryServices\RecoveryServices.SiteRecovery.Autorest\test\Get-AzRecoveryServicesReplicationRecoveryPlan.Tests.ps1">
        <results>
          <test-suite type="TestFixture" name="Get-AzRecoveryServicesReplicationRecoveryPlan" executed="True" result="Ignored" success="True" time="0.0783" asserts="0" description="Get-AzRecoveryServicesReplicationRecoveryPlan">
            <results>
              <test-case description="List" name="Get-AzRecoveryServicesReplicationRecoveryPlan.List" time="0" asserts="0" success="True" result="Ignored" executed="False" />
              <test-case description="Get" name="Get-AzRecoveryServicesReplicationRecoveryPlan.Get" time="0" asserts="0" success="True" result="Ignored" executed="False" />
            </results>
          </test-suite>
        </results>
      </test-suite>
      <test-suite type="TestFixture" name="C:\azure-powershell\src\RecoveryServices\RecoveryServices.SiteRecovery.Autorest\test\Get-AzRecoveryServicesReplicationRecoveryServiceProvider.Tests.ps1" executed="True" result="Ignored" success="True" time="0.4873" asserts="0" description="C:\azure-powershell\src\RecoveryServices\RecoveryServices.SiteRecovery.Autorest\test\Get-AzRecoveryServicesReplicationRecoveryServiceProvider.Tests.ps1">
        <results>
          <test-suite type="TestFixture" name="Get-AzRecoveryServicesReplicationRecoveryServiceProvider" executed="True" result="Ignored" success="True" time="0.0818" asserts="0" description="Get-AzRecoveryServicesReplicationRecoveryServiceProvider">
            <results>
              <test-case description="List" name="Get-AzRecoveryServicesReplicationRecoveryServiceProvider.List" time="0" asserts="0" success="True" result="Ignored" executed="False" />
            </results>
          </test-suite>
        </results>
      </test-suite>
      <test-suite type="TestFixture" name="C:\azure-powershell\src\RecoveryServices\RecoveryServices.SiteRecovery.Autorest\test\Get-AzRecoveryServicesReplicationRecoveryServicesProvider.Tests.ps1" executed="True" result="Ignored" success="True" time="0.563" asserts="0" description="C:\azure-powershell\src\RecoveryServices\RecoveryServices.SiteRecovery.Autorest\test\Get-AzRecoveryServicesReplicationRecoveryServicesProvider.Tests.ps1">
        <results>
          <test-suite type="TestFixture" name="Get-AzRecoveryServicesReplicationRecoveryServicesProvider" executed="True" result="Ignored" success="True" time="0.0898" asserts="0" description="Get-AzRecoveryServicesReplicationRecoveryServicesProvider">
            <results>
              <test-case description="List" name="Get-AzRecoveryServicesReplicationRecoveryServicesProvider.List" time="0" asserts="0" success="True" result="Ignored" executed="False" />
              <test-case description="Get" name="Get-AzRecoveryServicesReplicationRecoveryServicesProvider.Get" time="0" asserts="0" success="True" result="Ignored" executed="False" />
            </results>
          </test-suite>
        </results>
      </test-suite>
      <test-suite type="TestFixture" name="C:\azure-powershell\src\RecoveryServices\RecoveryServices.SiteRecovery.Autorest\test\Get-AzRecoveryServicesReplicationStorageClassification.Tests.ps1" executed="True" result="Ignored" success="True" time="0.5027" asserts="0" description="C:\azure-powershell\src\RecoveryServices\RecoveryServices.SiteRecovery.Autorest\test\Get-AzRecoveryServicesReplicationStorageClassification.Tests.ps1">
        <results>
          <test-suite type="TestFixture" name="Get-AzRecoveryServicesReplicationStorageClassification" executed="True" result="Ignored" success="True" time="0.0755" asserts="0" description="Get-AzRecoveryServicesReplicationStorageClassification">
            <results>
              <test-case description="List1" name="Get-AzRecoveryServicesReplicationStorageClassification.List1" time="0" asserts="0" success="True" result="Ignored" executed="False" />
              <test-case description="List" name="Get-AzRecoveryServicesReplicationStorageClassification.List" time="0" asserts="0" success="True" result="Ignored" executed="False" />
              <test-case description="Get" name="Get-AzRecoveryServicesReplicationStorageClassification.Get" time="0" asserts="0" success="True" result="Ignored" executed="False" />
            </results>
          </test-suite>
        </results>
      </test-suite>
      <test-suite type="TestFixture" name="C:\azure-powershell\src\RecoveryServices\RecoveryServices.SiteRecovery.Autorest\test\Get-AzRecoveryServicesReplicationStorageClassificationMapping.Tests.ps1" executed="True" result="Ignored" success="True" time="0.519" asserts="0" description="C:\azure-powershell\src\RecoveryServices\RecoveryServices.SiteRecovery.Autorest\test\Get-AzRecoveryServicesReplicationStorageClassificationMapping.Tests.ps1">
        <results>
          <test-suite type="TestFixture" name="Get-AzRecoveryServicesReplicationStorageClassificationMapping" executed="True" result="Ignored" success="True" time="0.1008" asserts="0" description="Get-AzRecoveryServicesReplicationStorageClassificationMapping">
            <results>
              <test-case description="List1" name="Get-AzRecoveryServicesReplicationStorageClassificationMapping.List1" time="0" asserts="0" success="True" result="Ignored" executed="False" />
              <test-case description="List" name="Get-AzRecoveryServicesReplicationStorageClassificationMapping.List" time="0" asserts="0" success="True" result="Ignored" executed="False" />
              <test-case description="Get" name="Get-AzRecoveryServicesReplicationStorageClassificationMapping.Get" time="0" asserts="0" success="True" result="Ignored" executed="False" />
            </results>
          </test-suite>
        </results>
      </test-suite>
      <test-suite type="TestFixture" name="C:\azure-powershell\src\RecoveryServices\RecoveryServices.SiteRecovery.Autorest\test\Get-AzRecoveryServicesReplicationVaultHealth.Tests.ps1" executed="True" result="Ignored" success="True" time="0.4786" asserts="0" description="C:\azure-powershell\src\RecoveryServices\RecoveryServices.SiteRecovery.Autorest\test\Get-AzRecoveryServicesReplicationVaultHealth.Tests.ps1">
        <results>
          <test-suite type="TestFixture" name="Get-AzRecoveryServicesReplicationVaultHealth" executed="True" result="Ignored" success="True" time="0.077" asserts="0" description="Get-AzRecoveryServicesReplicationVaultHealth">
            <results>
              <test-case description="Get" name="Get-AzRecoveryServicesReplicationVaultHealth.Get" time="0" asserts="0" success="True" result="Ignored" executed="False" />
            </results>
          </test-suite>
        </results>
      </test-suite>
      <test-suite type="TestFixture" name="C:\azure-powershell\src\RecoveryServices\RecoveryServices.SiteRecovery.Autorest\test\Get-AzRecoveryServicesReplicationVaultSetting.Tests.ps1" executed="True" result="Ignored" success="True" time="0.5154" asserts="0" description="C:\azure-powershell\src\RecoveryServices\RecoveryServices.SiteRecovery.Autorest\test\Get-AzRecoveryServicesReplicationVaultSetting.Tests.ps1">
        <results>
          <test-suite type="TestFixture" name="Get-AzRecoveryServicesReplicationVaultSetting" executed="True" result="Ignored" success="True" time="0.0921" asserts="0" description="Get-AzRecoveryServicesReplicationVaultSetting">
            <results>
              <test-case description="List" name="Get-AzRecoveryServicesReplicationVaultSetting.List" time="0" asserts="0" success="True" result="Ignored" executed="False" />
              <test-case description="Get" name="Get-AzRecoveryServicesReplicationVaultSetting.Get" time="0" asserts="0" success="True" result="Ignored" executed="False" />
            </results>
          </test-suite>
        </results>
      </test-suite>
      <test-suite type="TestFixture" name="C:\azure-powershell\src\RecoveryServices\RecoveryServices.SiteRecovery.Autorest\test\Get-AzRecoveryServicesReplicationvCenter.Tests.ps1" executed="True" result="Ignored" success="True" time="0.5419" asserts="0" description="C:\azure-powershell\src\RecoveryServices\RecoveryServices.SiteRecovery.Autorest\test\Get-AzRecoveryServicesReplicationvCenter.Tests.ps1">
        <results>
          <test-suite type="TestFixture" name="Get-AzRecoveryServicesReplicationvCenter" executed="True" result="Ignored" success="True" time="0.0871" asserts="0" description="Get-AzRecoveryServicesReplicationvCenter">
            <results>
              <test-case description="List1" name="Get-AzRecoveryServicesReplicationvCenter.List1" time="0" asserts="0" success="True" result="Ignored" executed="False" />
              <test-case description="List" name="Get-AzRecoveryServicesReplicationvCenter.List" time="0" asserts="0" success="True" result="Ignored" executed="False" />
              <test-case description="Get" name="Get-AzRecoveryServicesReplicationvCenter.Get" time="0" asserts="0" success="True" result="Ignored" executed="False" />
            </results>
          </test-suite>
        </results>
      </test-suite>
      <test-suite type="TestFixture" name="C:\azure-powershell\src\RecoveryServices\RecoveryServices.SiteRecovery.Autorest\test\Get-AzRecoveryServicesSupportedOperatingSystem.Tests.ps1" executed="True" result="Ignored" success="True" time="0.4603" asserts="0" description="C:\azure-powershell\src\RecoveryServices\RecoveryServices.SiteRecovery.Autorest\test\Get-AzRecoveryServicesSupportedOperatingSystem.Tests.ps1">
        <results>
          <test-suite type="TestFixture" name="Get-AzRecoveryServicesSupportedOperatingSystem" executed="True" result="Ignored" success="True" time="0.0647" asserts="0" description="Get-AzRecoveryServicesSupportedOperatingSystem">
            <results>
              <test-case description="Get" name="Get-AzRecoveryServicesSupportedOperatingSystem.Get" time="0" asserts="0" success="True" result="Ignored" executed="False" />
            </results>
          </test-suite>
        </results>
      </test-suite>
      <test-suite type="TestFixture" name="C:\azure-powershell\src\RecoveryServices\RecoveryServices.SiteRecovery.Autorest\test\Get-AzRecoveryServicesTargetComputeSize.Tests.ps1" executed="True" result="Ignored" success="True" time="0.4877" asserts="0" description="C:\azure-powershell\src\RecoveryServices\RecoveryServices.SiteRecovery.Autorest\test\Get-AzRecoveryServicesTargetComputeSize.Tests.ps1">
        <results>
          <test-suite type="TestFixture" name="Get-AzRecoveryServicesTargetComputeSize" executed="True" result="Ignored" success="True" time="0.0656" asserts="0" description="Get-AzRecoveryServicesTargetComputeSize">
            <results>
              <test-case description="List" name="Get-AzRecoveryServicesTargetComputeSize.List" time="0" asserts="0" success="True" result="Ignored" executed="False" />
            </results>
          </test-suite>
        </results>
      </test-suite>
      <test-suite type="TestFixture" name="C:\azure-powershell\src\RecoveryServices\RecoveryServices.SiteRecovery.Autorest\test\Invoke-AzRecoveryServicesCommitReplicationProtectedItemFailover.Tests.ps1" executed="True" result="Ignored" success="True" time="0.5435" asserts="0" description="C:\azure-powershell\src\RecoveryServices\RecoveryServices.SiteRecovery.Autorest\test\Invoke-AzRecoveryServicesCommitReplicationProtectedItemFailover.Tests.ps1">
        <results>
          <test-suite type="TestFixture" name="Invoke-AzRecoveryServicesCommitReplicationProtectedItemFailover" executed="True" result="Ignored" success="True" time="0.0699" asserts="0" description="Invoke-AzRecoveryServicesCommitReplicationProtectedItemFailover">
            <results>
              <test-case description="Commit" name="Invoke-AzRecoveryServicesCommitReplicationProtectedItemFailover.Commit" time="0" asserts="0" success="True" result="Ignored" executed="False" />
            </results>
          </test-suite>
        </results>
      </test-suite>
      <test-suite type="TestFixture" name="C:\azure-powershell\src\RecoveryServices\RecoveryServices.SiteRecovery.Autorest\test\Invoke-AzRecoveryServicesCommitReplicationRecoveryPlanFailover.Tests.ps1" executed="True" result="Ignored" success="True" time="0.5187" asserts="0" description="C:\azure-powershell\src\RecoveryServices\RecoveryServices.SiteRecovery.Autorest\test\Invoke-AzRecoveryServicesCommitReplicationRecoveryPlanFailover.Tests.ps1">
        <results>
          <test-suite type="TestFixture" name="Invoke-AzRecoveryServicesCommitReplicationRecoveryPlanFailover" executed="True" result="Ignored" success="True" time="0.0769" asserts="0" description="Invoke-AzRecoveryServicesCommitReplicationRecoveryPlanFailover">
            <results>
              <test-case description="Commit" name="Invoke-AzRecoveryServicesCommitReplicationRecoveryPlanFailover.Commit" time="0" asserts="0" success="True" result="Ignored" executed="False" />
            </results>
          </test-suite>
        </results>
      </test-suite>
      <test-suite type="TestFixture" name="C:\azure-powershell\src\RecoveryServices\RecoveryServices.SiteRecovery.Autorest\test\Invoke-AzRecoveryServicesPlannedReplicationProtectedItemFailover.Tests.ps1" executed="True" result="Ignored" success="True" time="0.495" asserts="0" description="C:\azure-powershell\src\RecoveryServices\RecoveryServices.SiteRecovery.Autorest\test\Invoke-AzRecoveryServicesPlannedReplicationProtectedItemFailover.Tests.ps1">
        <results>
          <test-suite type="TestFixture" name="Invoke-AzRecoveryServicesPlannedReplicationProtectedItemFailover" executed="True" result="Ignored" success="True" time="0.0749" asserts="0" description="Invoke-AzRecoveryServicesPlannedReplicationProtectedItemFailover">
            <results>
              <test-case description="PlannedExpanded" name="Invoke-AzRecoveryServicesPlannedReplicationProtectedItemFailover.PlannedExpanded" time="0" asserts="0" success="True" result="Ignored" executed="False" />
              <test-case description="Planned" name="Invoke-AzRecoveryServicesPlannedReplicationProtectedItemFailover.Planned" time="0" asserts="0" success="True" result="Ignored" executed="False" />
            </results>
          </test-suite>
        </results>
      </test-suite>
      <test-suite type="TestFixture" name="C:\azure-powershell\src\RecoveryServices\RecoveryServices.SiteRecovery.Autorest\test\Invoke-AzRecoveryServicesPlannedReplicationRecoveryPlanFailover.Tests.ps1" executed="True" result="Ignored" success="True" time="0.4868" asserts="0" description="C:\azure-powershell\src\RecoveryServices\RecoveryServices.SiteRecovery.Autorest\test\Invoke-AzRecoveryServicesPlannedReplicationRecoveryPlanFailover.Tests.ps1">
        <results>
          <test-suite type="TestFixture" name="Invoke-AzRecoveryServicesPlannedReplicationRecoveryPlanFailover" executed="True" result="Ignored" success="True" time="0.0736" asserts="0" description="Invoke-AzRecoveryServicesPlannedReplicationRecoveryPlanFailover">
            <results>
              <test-case description="PlannedExpanded" name="Invoke-AzRecoveryServicesPlannedReplicationRecoveryPlanFailover.PlannedExpanded" time="0" asserts="0" success="True" result="Ignored" executed="False" />
              <test-case description="Planned" name="Invoke-AzRecoveryServicesPlannedReplicationRecoveryPlanFailover.Planned" time="0" asserts="0" success="True" result="Ignored" executed="False" />
            </results>
          </test-suite>
        </results>
      </test-suite>
      <test-suite type="TestFixture" name="C:\azure-powershell\src\RecoveryServices\RecoveryServices.SiteRecovery.Autorest\test\Invoke-AzRecoveryServicesRenewReplicationFabricCertificate.Tests.ps1" executed="True" result="Ignored" success="True" time="0.4835" asserts="0" description="C:\azure-powershell\src\RecoveryServices\RecoveryServices.SiteRecovery.Autorest\test\Invoke-AzRecoveryServicesRenewReplicationFabricCertificate.Tests.ps1">
        <results>
          <test-suite type="TestFixture" name="Invoke-AzRecoveryServicesRenewReplicationFabricCertificate" executed="True" result="Ignored" success="True" time="0.0802" asserts="0" description="Invoke-AzRecoveryServicesRenewReplicationFabricCertificate">
            <results>
              <test-case description="RenewExpanded" name="Invoke-AzRecoveryServicesRenewReplicationFabricCertificate.RenewExpanded" time="0" asserts="0" success="True" result="Ignored" executed="False" />
              <test-case description="Renew" name="Invoke-AzRecoveryServicesRenewReplicationFabricCertificate.Renew" time="0" asserts="0" success="True" result="Ignored" executed="False" />
            </results>
          </test-suite>
        </results>
      </test-suite>
      <test-suite type="TestFixture" name="C:\azure-powershell\src\RecoveryServices\RecoveryServices.SiteRecovery.Autorest\test\Invoke-AzRecoveryServicesReprotectReplicationProtectedItem.Tests.ps1" executed="True" result="Ignored" success="True" time="0.5305" asserts="0" description="C:\azure-powershell\src\RecoveryServices\RecoveryServices.SiteRecovery.Autorest\test\Invoke-AzRecoveryServicesReprotectReplicationProtectedItem.Tests.ps1">
        <results>
          <test-suite type="TestFixture" name="Invoke-AzRecoveryServicesReprotectReplicationProtectedItem" executed="True" result="Ignored" success="True" time="0.0909" asserts="0" description="Invoke-AzRecoveryServicesReprotectReplicationProtectedItem">
            <results>
              <test-case description="ReprotectExpanded" name="Invoke-AzRecoveryServicesReprotectReplicationProtectedItem.ReprotectExpanded" time="0" asserts="0" success="True" result="Ignored" executed="False" />
              <test-case description="Reprotect" name="Invoke-AzRecoveryServicesReprotectReplicationProtectedItem.Reprotect" time="0" asserts="0" success="True" result="Ignored" executed="False" />
            </results>
          </test-suite>
        </results>
      </test-suite>
      <test-suite type="TestFixture" name="C:\azure-powershell\src\RecoveryServices\RecoveryServices.SiteRecovery.Autorest\test\Invoke-AzRecoveryServicesReprotectReplicationRecoveryPlan.Tests.ps1" executed="True" result="Ignored" success="True" time="0.4973" asserts="0" description="C:\azure-powershell\src\RecoveryServices\RecoveryServices.SiteRecovery.Autorest\test\Invoke-AzRecoveryServicesReprotectReplicationRecoveryPlan.Tests.ps1">
        <results>
          <test-suite type="TestFixture" name="Invoke-AzRecoveryServicesReprotectReplicationRecoveryPlan" executed="True" result="Ignored" success="True" time="0.0634" asserts="0" description="Invoke-AzRecoveryServicesReprotectReplicationRecoveryPlan">
            <results>
              <test-case description="Reprotect" name="Invoke-AzRecoveryServicesReprotectReplicationRecoveryPlan.Reprotect" time="0" asserts="0" success="True" result="Ignored" executed="False" />
            </results>
          </test-suite>
        </results>
      </test-suite>
      <test-suite type="TestFixture" name="C:\azure-powershell\src\RecoveryServices\RecoveryServices.SiteRecovery.Autorest\test\Invoke-AzRecoveryServicesResyncReplicationMigrationItem.Tests.ps1" executed="True" result="Ignored" success="True" time="0.4673" asserts="0" description="C:\azure-powershell\src\RecoveryServices\RecoveryServices.SiteRecovery.Autorest\test\Invoke-AzRecoveryServicesResyncReplicationMigrationItem.Tests.ps1">
        <results>
          <test-suite type="TestFixture" name="Invoke-AzRecoveryServicesResyncReplicationMigrationItem" executed="True" result="Ignored" success="True" time="0.0763" asserts="0" description="Invoke-AzRecoveryServicesResyncReplicationMigrationItem">
            <results>
              <test-case description="ResyncExpanded" name="Invoke-AzRecoveryServicesResyncReplicationMigrationItem.ResyncExpanded" time="0" asserts="0" success="True" result="Ignored" executed="False" />
              <test-case description="Resync" name="Invoke-AzRecoveryServicesResyncReplicationMigrationItem.Resync" time="0" asserts="0" success="True" result="Ignored" executed="False" />
            </results>
          </test-suite>
        </results>
      </test-suite>
      <test-suite type="TestFixture" name="C:\azure-powershell\src\RecoveryServices\RecoveryServices.SiteRecovery.Autorest\test\Invoke-AzRecoveryServicesUnplannedReplicationProtectedItemFailover.Tests.ps1" executed="True" result="Ignored" success="True" time="0.4864" asserts="0" description="C:\azure-powershell\src\RecoveryServices\RecoveryServices.SiteRecovery.Autorest\test\Invoke-AzRecoveryServicesUnplannedReplicationProtectedItemFailover.Tests.ps1">
        <results>
          <test-suite type="TestFixture" name="Invoke-AzRecoveryServicesUnplannedReplicationProtectedItemFailover" executed="True" result="Ignored" success="True" time="0.0809" asserts="0" description="Invoke-AzRecoveryServicesUnplannedReplicationProtectedItemFailover">
            <results>
              <test-case description="UnplannedExpanded" name="Invoke-AzRecoveryServicesUnplannedReplicationProtectedItemFailover.UnplannedExpanded" time="0" asserts="0" success="True" result="Ignored" executed="False" />
              <test-case description="Unplanned" name="Invoke-AzRecoveryServicesUnplannedReplicationProtectedItemFailover.Unplanned" time="0" asserts="0" success="True" result="Ignored" executed="False" />
            </results>
          </test-suite>
        </results>
      </test-suite>
      <test-suite type="TestFixture" name="C:\azure-powershell\src\RecoveryServices\RecoveryServices.SiteRecovery.Autorest\test\Invoke-AzRecoveryServicesUnplannedReplicationRecoveryPlanFailover.Tests.ps1" executed="True" result="Ignored" success="True" time="0.4805" asserts="0" description="C:\azure-powershell\src\RecoveryServices\RecoveryServices.SiteRecovery.Autorest\test\Invoke-AzRecoveryServicesUnplannedReplicationRecoveryPlanFailover.Tests.ps1">
        <results>
          <test-suite type="TestFixture" name="Invoke-AzRecoveryServicesUnplannedReplicationRecoveryPlanFailover" executed="True" result="Ignored" success="True" time="0.0797" asserts="0" description="Invoke-AzRecoveryServicesUnplannedReplicationRecoveryPlanFailover">
            <results>
              <test-case description="UnplannedExpanded" name="Invoke-AzRecoveryServicesUnplannedReplicationRecoveryPlanFailover.UnplannedExpanded" time="0" asserts="0" success="True" result="Ignored" executed="False" />
              <test-case description="Unplanned" name="Invoke-AzRecoveryServicesUnplannedReplicationRecoveryPlanFailover.Unplanned" time="0" asserts="0" success="True" result="Ignored" executed="False" />
            </results>
          </test-suite>
        </results>
      </test-suite>
      <test-suite type="TestFixture" name="C:\azure-powershell\src\RecoveryServices\RecoveryServices.SiteRecovery.Autorest\test\Move-AzRecoveryServicesReplicationFabricGateway.Tests.ps1" executed="True" result="Ignored" success="True" time="0.528" asserts="0" description="C:\azure-powershell\src\RecoveryServices\RecoveryServices.SiteRecovery.Autorest\test\Move-AzRecoveryServicesReplicationFabricGateway.Tests.ps1">
        <results>
          <test-suite type="TestFixture" name="Move-AzRecoveryServicesReplicationFabricGateway" executed="True" result="Ignored" success="True" time="0.0936" asserts="0" description="Move-AzRecoveryServicesReplicationFabricGateway">
            <results>
              <test-case description="ReassociateExpanded" name="Move-AzRecoveryServicesReplicationFabricGateway.ReassociateExpanded" time="0" asserts="0" success="True" result="Ignored" executed="False" />
              <test-case description="Reassociate" name="Move-AzRecoveryServicesReplicationFabricGateway.Reassociate" time="0" asserts="0" success="True" result="Ignored" executed="False" />
            </results>
          </test-suite>
        </results>
      </test-suite>
      <test-suite type="TestFixture" name="C:\azure-powershell\src\RecoveryServices\RecoveryServices.SiteRecovery.Autorest\test\Move-AzRecoveryServicesReplicationFabricToAad.Tests.ps1" executed="True" result="Ignored" success="True" time="0.488" asserts="0" description="C:\azure-powershell\src\RecoveryServices\RecoveryServices.SiteRecovery.Autorest\test\Move-AzRecoveryServicesReplicationFabricToAad.Tests.ps1">
        <results>
          <test-suite type="TestFixture" name="Move-AzRecoveryServicesReplicationFabricToAad" executed="True" result="Ignored" success="True" time="0.0681" asserts="0" description="Move-AzRecoveryServicesReplicationFabricToAad">
            <results>
              <test-case description="Migrate" name="Move-AzRecoveryServicesReplicationFabricToAad.Migrate" time="0" asserts="0" success="True" result="Ignored" executed="False" />
            </results>
          </test-suite>
        </results>
      </test-suite>
      <test-suite type="TestFixture" name="C:\azure-powershell\src\RecoveryServices\RecoveryServices.SiteRecovery.Autorest\test\Move-AzRecoveryServicesReplicationMigrationItem.Tests.ps1" executed="True" result="Ignored" success="True" time="0.5236" asserts="0" description="C:\azure-powershell\src\RecoveryServices\RecoveryServices.SiteRecovery.Autorest\test\Move-AzRecoveryServicesReplicationMigrationItem.Tests.ps1">
        <results>
          <test-suite type="TestFixture" name="Move-AzRecoveryServicesReplicationMigrationItem" executed="True" result="Ignored" success="True" time="0.0784" asserts="0" description="Move-AzRecoveryServicesReplicationMigrationItem">
            <results>
              <test-case description="MigrateExpanded" name="Move-AzRecoveryServicesReplicationMigrationItem.MigrateExpanded" time="0" asserts="0" success="True" result="Ignored" executed="False" />
              <test-case description="Migrate" name="Move-AzRecoveryServicesReplicationMigrationItem.Migrate" time="0" asserts="0" success="True" result="Ignored" executed="False" />
            </results>
          </test-suite>
        </results>
      </test-suite>
      <test-suite type="TestFixture" name="C:\azure-powershell\src\RecoveryServices\RecoveryServices.SiteRecovery.Autorest\test\New-AzRecoveryServicesReplicationAlertSetting.Tests.ps1" executed="True" result="Ignored" success="True" time="0.5639" asserts="0" description="C:\azure-powershell\src\RecoveryServices\RecoveryServices.SiteRecovery.Autorest\test\New-AzRecoveryServicesReplicationAlertSetting.Tests.ps1">
        <results>
          <test-suite type="TestFixture" name="New-AzRecoveryServicesReplicationAlertSetting" executed="True" result="Ignored" success="True" time="0.091" asserts="0" description="New-AzRecoveryServicesReplicationAlertSetting">
            <results>
              <test-case description="CreateExpanded" name="New-AzRecoveryServicesReplicationAlertSetting.CreateExpanded" time="0" asserts="0" success="True" result="Ignored" executed="False" />
              <test-case description="Create" name="New-AzRecoveryServicesReplicationAlertSetting.Create" time="0" asserts="0" success="True" result="Ignored" executed="False" />
            </results>
          </test-suite>
        </results>
      </test-suite>
      <test-suite type="TestFixture" name="C:\azure-powershell\src\RecoveryServices\RecoveryServices.SiteRecovery.Autorest\test\New-AzRecoveryServicesReplicationFabric.Tests.ps1" executed="True" result="Ignored" success="True" time="94.0551" asserts="0" description="C:\azure-powershell\src\RecoveryServices\RecoveryServices.SiteRecovery.Autorest\test\New-AzRecoveryServicesReplicationFabric.Tests.ps1">
        <results>
          <test-suite type="TestFixture" name="New-AzRecoveryServicesReplicationFabric" executed="True" result="Ignored" success="True" time="93.6467" asserts="0" description="New-AzRecoveryServicesReplicationFabric">
            <results>
              <test-case description="CreateExpanded" name="New-AzRecoveryServicesReplicationFabric.CreateExpanded" time="93.5639" asserts="0" success="True" result="Success" executed="True" />
              <test-case description="Create" name="New-AzRecoveryServicesReplicationFabric.Create" time="0" asserts="0" success="True" result="Ignored" executed="False" />
            </results>
          </test-suite>
        </results>
      </test-suite>
      <test-suite type="TestFixture" name="C:\azure-powershell\src\RecoveryServices\RecoveryServices.SiteRecovery.Autorest\test\New-AzRecoveryServicesReplicationMigrationItem.Tests.ps1" executed="True" result="Ignored" success="True" time="0.4962" asserts="0" description="C:\azure-powershell\src\RecoveryServices\RecoveryServices.SiteRecovery.Autorest\test\New-AzRecoveryServicesReplicationMigrationItem.Tests.ps1">
        <results>
          <test-suite type="TestFixture" name="New-AzRecoveryServicesReplicationMigrationItem" executed="True" result="Ignored" success="True" time="0.0797" asserts="0" description="New-AzRecoveryServicesReplicationMigrationItem">
            <results>
              <test-case description="CreateExpanded" name="New-AzRecoveryServicesReplicationMigrationItem.CreateExpanded" time="0" asserts="0" success="True" result="Ignored" executed="False" />
              <test-case description="Create" name="New-AzRecoveryServicesReplicationMigrationItem.Create" time="0" asserts="0" success="True" result="Ignored" executed="False" />
            </results>
          </test-suite>
        </results>
      </test-suite>
      <test-suite type="TestFixture" name="C:\azure-powershell\src\RecoveryServices\RecoveryServices.SiteRecovery.Autorest\test\New-AzRecoveryServicesReplicationNetworkMapping.Tests.ps1" executed="True" result="Ignored" success="True" time="0.546" asserts="0" description="C:\azure-powershell\src\RecoveryServices\RecoveryServices.SiteRecovery.Autorest\test\New-AzRecoveryServicesReplicationNetworkMapping.Tests.ps1">
        <results>
          <test-suite type="TestFixture" name="New-AzRecoveryServicesReplicationNetworkMapping" executed="True" result="Ignored" success="True" time="0.1229" asserts="0" description="New-AzRecoveryServicesReplicationNetworkMapping">
            <results>
              <test-case description="CreateExpanded" name="New-AzRecoveryServicesReplicationNetworkMapping.CreateExpanded" time="0" asserts="0" success="True" result="Ignored" executed="False" />
              <test-case description="Create" name="New-AzRecoveryServicesReplicationNetworkMapping.Create" time="0" asserts="0" success="True" result="Ignored" executed="False" />
            </results>
          </test-suite>
        </results>
      </test-suite>
      <test-suite type="TestFixture" name="C:\azure-powershell\src\RecoveryServices\RecoveryServices.SiteRecovery.Autorest\test\New-AzRecoveryServicesReplicationPolicy.Tests.ps1" executed="True" result="Ignored" success="True" time="32.5327" asserts="0" description="C:\azure-powershell\src\RecoveryServices\RecoveryServices.SiteRecovery.Autorest\test\New-AzRecoveryServicesReplicationPolicy.Tests.ps1">
        <results>
          <test-suite type="TestFixture" name="New-AzRecoveryServicesReplicationPolicy" executed="True" result="Ignored" success="True" time="32.1285" asserts="0" description="New-AzRecoveryServicesReplicationPolicy">
            <results>
              <test-case description="CreateExpanded" name="New-AzRecoveryServicesReplicationPolicy.CreateExpanded" time="32.014" asserts="0" success="True" result="Success" executed="True" />
              <test-case description="Create" name="New-AzRecoveryServicesReplicationPolicy.Create" time="0" asserts="0" success="True" result="Ignored" executed="False" />
            </results>
          </test-suite>
        </results>
      </test-suite>
      <test-suite type="TestFixture" name="C:\azure-powershell\src\RecoveryServices\RecoveryServices.SiteRecovery.Autorest\test\New-AzRecoveryServicesReplicationProtectedItem.Tests.ps1" executed="True" result="Ignored" success="True" time="670.37" asserts="0" description="C:\azure-powershell\src\RecoveryServices\RecoveryServices.SiteRecovery.Autorest\test\New-AzRecoveryServicesReplicationProtectedItem.Tests.ps1">
        <results>
          <test-suite type="TestFixture" name="New-AzRecoveryServicesReplicationProtectedItem" executed="True" result="Ignored" success="True" time="669.9229" asserts="0" description="New-AzRecoveryServicesReplicationProtectedItem">
            <results>
              <test-case description="CreateExpanded" name="New-AzRecoveryServicesReplicationProtectedItem.CreateExpanded" time="669.801" asserts="0" success="True" result="Success" executed="True" />
              <test-case description="Create" name="New-AzRecoveryServicesReplicationProtectedItem.Create" time="0" asserts="0" success="True" result="Ignored" executed="False" />
            </results>
          </test-suite>
        </results>
      </test-suite>
      <test-suite type="TestFixture" name="C:\azure-powershell\src\RecoveryServices\RecoveryServices.SiteRecovery.Autorest\test\New-AzRecoveryServicesReplicationProtectionContainer.Tests.ps1" executed="True" result="Ignored" success="True" time="34.5076" asserts="0" description="C:\azure-powershell\src\RecoveryServices\RecoveryServices.SiteRecovery.Autorest\test\New-AzRecoveryServicesReplicationProtectionContainer.Tests.ps1">
        <results>
          <test-suite type="TestFixture" name="New-AzRecoveryServicesReplicationProtectionContainer" executed="True" result="Ignored" success="True" time="33.9688" asserts="0" description="New-AzRecoveryServicesReplicationProtectionContainer">
            <results>
              <test-case description="CreateExpanded" name="New-AzRecoveryServicesReplicationProtectionContainer.CreateExpanded" time="33.8785" asserts="0" success="True" result="Success" executed="True" />
              <test-case description="Create" name="New-AzRecoveryServicesReplicationProtectionContainer.Create" time="0" asserts="0" success="True" result="Ignored" executed="False" />
            </results>
          </test-suite>
        </results>
      </test-suite>
      <test-suite type="TestFixture" name="C:\azure-powershell\src\RecoveryServices\RecoveryServices.SiteRecovery.Autorest\test\New-AzRecoveryServicesReplicationProtectionContainerMapping.Tests.ps1" executed="True" result="Ignored" success="True" time="97.3561" asserts="0" description="C:\azure-powershell\src\RecoveryServices\RecoveryServices.SiteRecovery.Autorest\test\New-AzRecoveryServicesReplicationProtectionContainerMapping.Tests.ps1">
        <results>
          <test-suite type="TestFixture" name="New-AzRecoveryServicesReplicationProtectionContainerMapping" executed="True" result="Ignored" success="True" time="96.9109" asserts="0" description="New-AzRecoveryServicesReplicationProtectionContainerMapping">
            <results>
              <test-case description="CreateExpanded" name="New-AzRecoveryServicesReplicationProtectionContainerMapping.CreateExpanded" time="96.8139" asserts="0" success="True" result="Success" executed="True" />
              <test-case description="Create" name="New-AzRecoveryServicesReplicationProtectionContainerMapping.Create" time="0" asserts="0" success="True" result="Ignored" executed="False" />
            </results>
          </test-suite>
        </results>
      </test-suite>
      <test-suite type="TestFixture" name="C:\azure-powershell\src\RecoveryServices\RecoveryServices.SiteRecovery.Autorest\test\New-AzRecoveryServicesReplicationProtectionIntent.Tests.ps1" executed="True" result="Ignored" success="True" time="0.5387" asserts="0" description="C:\azure-powershell\src\RecoveryServices\RecoveryServices.SiteRecovery.Autorest\test\New-AzRecoveryServicesReplicationProtectionIntent.Tests.ps1">
        <results>
          <test-suite type="TestFixture" name="New-AzRecoveryServicesReplicationProtectionIntent" executed="True" result="Ignored" success="True" time="0.0864" asserts="0" description="New-AzRecoveryServicesReplicationProtectionIntent">
            <results>
              <test-case description="CreateExpanded" name="New-AzRecoveryServicesReplicationProtectionIntent.CreateExpanded" time="0" asserts="0" success="True" result="Ignored" executed="False" />
              <test-case description="Create" name="New-AzRecoveryServicesReplicationProtectionIntent.Create" time="0" asserts="0" success="True" result="Ignored" executed="False" />
            </results>
          </test-suite>
        </results>
      </test-suite>
      <test-suite type="TestFixture" name="C:\azure-powershell\src\RecoveryServices\RecoveryServices.SiteRecovery.Autorest\test\New-AzRecoveryServicesReplicationRecoveryPlan.Tests.ps1" executed="True" result="Ignored" success="True" time="0.4906" asserts="0" description="C:\azure-powershell\src\RecoveryServices\RecoveryServices.SiteRecovery.Autorest\test\New-AzRecoveryServicesReplicationRecoveryPlan.Tests.ps1">
        <results>
          <test-suite type="TestFixture" name="New-AzRecoveryServicesReplicationRecoveryPlan" executed="True" result="Ignored" success="True" time="0.0698" asserts="0" description="New-AzRecoveryServicesReplicationRecoveryPlan">
            <results>
              <test-case description="Create" name="New-AzRecoveryServicesReplicationRecoveryPlan.Create" time="0" asserts="0" success="True" result="Ignored" executed="False" />
              <test-case description="CreateExpanded" name="New-AzRecoveryServicesReplicationRecoveryPlan.CreateExpanded" time="0" asserts="0" success="True" result="Ignored" executed="False" />
            </results>
          </test-suite>
        </results>
      </test-suite>
      <test-suite type="TestFixture" name="C:\azure-powershell\src\RecoveryServices\RecoveryServices.SiteRecovery.Autorest\test\New-AzRecoveryServicesReplicationRecoveryServicesProvider.Tests.ps1" executed="True" result="Ignored" success="True" time="0.5419" asserts="0" description="C:\azure-powershell\src\RecoveryServices\RecoveryServices.SiteRecovery.Autorest\test\New-AzRecoveryServicesReplicationRecoveryServicesProvider.Tests.ps1">
        <results>
          <test-suite type="TestFixture" name="New-AzRecoveryServicesReplicationRecoveryServicesProvider" executed="True" result="Ignored" success="True" time="0.1156" asserts="0" description="New-AzRecoveryServicesReplicationRecoveryServicesProvider">
            <results>
              <test-case description="CreateExpanded" name="New-AzRecoveryServicesReplicationRecoveryServicesProvider.CreateExpanded" time="0" asserts="0" success="True" result="Ignored" executed="False" />
              <test-case description="Create" name="New-AzRecoveryServicesReplicationRecoveryServicesProvider.Create" time="0" asserts="0" success="True" result="Ignored" executed="False" />
            </results>
          </test-suite>
        </results>
      </test-suite>
      <test-suite type="TestFixture" name="C:\azure-powershell\src\RecoveryServices\RecoveryServices.SiteRecovery.Autorest\test\New-AzRecoveryServicesReplicationStorageClassificationMapping.Tests.ps1" executed="True" result="Ignored" success="True" time="0.497" asserts="0" description="C:\azure-powershell\src\RecoveryServices\RecoveryServices.SiteRecovery.Autorest\test\New-AzRecoveryServicesReplicationStorageClassificationMapping.Tests.ps1">
        <results>
          <test-suite type="TestFixture" name="New-AzRecoveryServicesReplicationStorageClassificationMapping" executed="True" result="Ignored" success="True" time="0.0787" asserts="0" description="New-AzRecoveryServicesReplicationStorageClassificationMapping">
            <results>
              <test-case description="CreateExpanded" name="New-AzRecoveryServicesReplicationStorageClassificationMapping.CreateExpanded" time="0" asserts="0" success="True" result="Ignored" executed="False" />
              <test-case description="Create" name="New-AzRecoveryServicesReplicationStorageClassificationMapping.Create" time="0" asserts="0" success="True" result="Ignored" executed="False" />
            </results>
          </test-suite>
        </results>
      </test-suite>
      <test-suite type="TestFixture" name="C:\azure-powershell\src\RecoveryServices\RecoveryServices.SiteRecovery.Autorest\test\New-AzRecoveryServicesReplicationVaultSetting.Tests.ps1" executed="True" result="Ignored" success="True" time="0.5504" asserts="0" description="C:\azure-powershell\src\RecoveryServices\RecoveryServices.SiteRecovery.Autorest\test\New-AzRecoveryServicesReplicationVaultSetting.Tests.ps1">
        <results>
          <test-suite type="TestFixture" name="New-AzRecoveryServicesReplicationVaultSetting" executed="True" result="Ignored" success="True" time="0.1348" asserts="0" description="New-AzRecoveryServicesReplicationVaultSetting">
            <results>
              <test-case description="CreateExpanded" name="New-AzRecoveryServicesReplicationVaultSetting.CreateExpanded" time="0" asserts="0" success="True" result="Ignored" executed="False" />
              <test-case description="Create" name="New-AzRecoveryServicesReplicationVaultSetting.Create" time="0" asserts="0" success="True" result="Ignored" executed="False" />
            </results>
          </test-suite>
        </results>
      </test-suite>
      <test-suite type="TestFixture" name="C:\azure-powershell\src\RecoveryServices\RecoveryServices.SiteRecovery.Autorest\test\New-AzRecoveryServicesReplicationvCenter.Tests.ps1" executed="True" result="Ignored" success="True" time="0.5331" asserts="0" description="C:\azure-powershell\src\RecoveryServices\RecoveryServices.SiteRecovery.Autorest\test\New-AzRecoveryServicesReplicationvCenter.Tests.ps1">
        <results>
          <test-suite type="TestFixture" name="New-AzRecoveryServicesReplicationvCenter" executed="True" result="Ignored" success="True" time="0.0971" asserts="0" description="New-AzRecoveryServicesReplicationvCenter">
            <results>
              <test-case description="CreateExpanded" name="New-AzRecoveryServicesReplicationvCenter.CreateExpanded" time="0" asserts="0" success="True" result="Ignored" executed="False" />
              <test-case description="Create" name="New-AzRecoveryServicesReplicationvCenter.Create" time="0" asserts="0" success="True" result="Ignored" executed="False" />
            </results>
          </test-suite>
        </results>
      </test-suite>
      <test-suite type="TestFixture" name="C:\azure-powershell\src\RecoveryServices\RecoveryServices.SiteRecovery.Autorest\test\Remove-AzRecoveryServicesReplicationFabric.Tests.ps1" executed="True" result="Success" success="True" time="33.1613" asserts="0" description="C:\azure-powershell\src\RecoveryServices\RecoveryServices.SiteRecovery.Autorest\test\Remove-AzRecoveryServicesReplicationFabric.Tests.ps1">
        <results>
          <test-suite type="TestFixture" name="Remove-AzRecoveryServicesReplicationFabric" executed="True" result="Success" success="True" time="32.7201" asserts="0" description="Remove-AzRecoveryServicesReplicationFabric">
            <results>
              <test-case description="Delete" name="Remove-AzRecoveryServicesReplicationFabric.Delete" time="32.628" asserts="0" success="True" result="Success" executed="True" />
            </results>
          </test-suite>
        </results>
      </test-suite>
      <test-suite type="TestFixture" name="C:\azure-powershell\src\RecoveryServices\RecoveryServices.SiteRecovery.Autorest\test\Remove-AzRecoveryServicesReplicationMigrationItem.Tests.ps1" executed="True" result="Ignored" success="True" time="0.5105" asserts="0" description="C:\azure-powershell\src\RecoveryServices\RecoveryServices.SiteRecovery.Autorest\test\Remove-AzRecoveryServicesReplicationMigrationItem.Tests.ps1">
        <results>
          <test-suite type="TestFixture" name="Remove-AzRecoveryServicesReplicationMigrationItem" executed="True" result="Ignored" success="True" time="0.0858" asserts="0" description="Remove-AzRecoveryServicesReplicationMigrationItem">
            <results>
              <test-case description="Delete" name="Remove-AzRecoveryServicesReplicationMigrationItem.Delete" time="0" asserts="0" success="True" result="Ignored" executed="False" />
            </results>
          </test-suite>
        </results>
      </test-suite>
      <test-suite type="TestFixture" name="C:\azure-powershell\src\RecoveryServices\RecoveryServices.SiteRecovery.Autorest\test\Remove-AzRecoveryServicesReplicationNetworkMapping.Tests.ps1" executed="True" result="Ignored" success="True" time="0.5806" asserts="0" description="C:\azure-powershell\src\RecoveryServices\RecoveryServices.SiteRecovery.Autorest\test\Remove-AzRecoveryServicesReplicationNetworkMapping.Tests.ps1">
        <results>
          <test-suite type="TestFixture" name="Remove-AzRecoveryServicesReplicationNetworkMapping" executed="True" result="Ignored" success="True" time="0.1264" asserts="0" description="Remove-AzRecoveryServicesReplicationNetworkMapping">
            <results>
              <test-case description="Delete" name="Remove-AzRecoveryServicesReplicationNetworkMapping.Delete" time="0" asserts="0" success="True" result="Ignored" executed="False" />
            </results>
          </test-suite>
        </results>
      </test-suite>
      <test-suite type="TestFixture" name="C:\azure-powershell\src\RecoveryServices\RecoveryServices.SiteRecovery.Autorest\test\Remove-AzRecoveryServicesReplicationPolicy.Tests.ps1" executed="True" result="Success" success="True" time="33.8746" asserts="0" description="C:\azure-powershell\src\RecoveryServices\RecoveryServices.SiteRecovery.Autorest\test\Remove-AzRecoveryServicesReplicationPolicy.Tests.ps1">
        <results>
          <test-suite type="TestFixture" name="Remove-AzRecoveryServicesReplicationPolicy" executed="True" result="Success" success="True" time="33.4251" asserts="0" description="Remove-AzRecoveryServicesReplicationPolicy">
            <results>
              <test-case description="Delete" name="Remove-AzRecoveryServicesReplicationPolicy.Delete" time="33.3249" asserts="0" success="True" result="Success" executed="True" />
            </results>
          </test-suite>
        </results>
      </test-suite>
      <test-suite type="TestFixture" name="C:\azure-powershell\src\RecoveryServices\RecoveryServices.SiteRecovery.Autorest\test\Remove-AzRecoveryServicesReplicationProtectedItem.Tests.ps1" executed="True" result="Ignored" success="True" time="157.6581" asserts="0" description="C:\azure-powershell\src\RecoveryServices\RecoveryServices.SiteRecovery.Autorest\test\Remove-AzRecoveryServicesReplicationProtectedItem.Tests.ps1">
        <results>
          <test-suite type="TestFixture" name="Remove-AzRecoveryServicesReplicationProtectedItem" executed="True" result="Ignored" success="True" time="157.2271" asserts="0" description="Remove-AzRecoveryServicesReplicationProtectedItem">
            <results>
              <test-case description="DeleteExpanded" name="Remove-AzRecoveryServicesReplicationProtectedItem.DeleteExpanded" time="157.1232" asserts="0" success="True" result="Success" executed="True" />
              <test-case description="Delete" name="Remove-AzRecoveryServicesReplicationProtectedItem.Delete" time="0" asserts="0" success="True" result="Ignored" executed="False" />
            </results>
          </test-suite>
        </results>
      </test-suite>
      <test-suite type="TestFixture" name="C:\azure-powershell\src\RecoveryServices\RecoveryServices.SiteRecovery.Autorest\test\Remove-AzRecoveryServicesReplicationProtectedItemDisk.Tests.ps1" executed="True" result="Ignored" success="True" time="0.5467" asserts="0" description="C:\azure-powershell\src\RecoveryServices\RecoveryServices.SiteRecovery.Autorest\test\Remove-AzRecoveryServicesReplicationProtectedItemDisk.Tests.ps1">
        <results>
          <test-suite type="TestFixture" name="Remove-AzRecoveryServicesReplicationProtectedItemDisk" executed="True" result="Ignored" success="True" time="0.0699" asserts="0" description="Remove-AzRecoveryServicesReplicationProtectedItemDisk">
            <results>
              <test-case description="RemoveExpanded" name="Remove-AzRecoveryServicesReplicationProtectedItemDisk.RemoveExpanded" time="0" asserts="0" success="True" result="Ignored" executed="False" />
              <test-case description="Remove" name="Remove-AzRecoveryServicesReplicationProtectedItemDisk.Remove" time="0" asserts="0" success="True" result="Ignored" executed="False" />
            </results>
          </test-suite>
        </results>
      </test-suite>
      <test-suite type="TestFixture" name="C:\azure-powershell\src\RecoveryServices\RecoveryServices.SiteRecovery.Autorest\test\Remove-AzRecoveryServicesReplicationProtectionContainer.Tests.ps1" executed="True" result="Success" success="True" time="33.6933" asserts="0" description="C:\azure-powershell\src\RecoveryServices\RecoveryServices.SiteRecovery.Autorest\test\Remove-AzRecoveryServicesReplicationProtectionContainer.Tests.ps1">
        <results>
[...]
        <results>
          <test-suite type="TestFixture" name="Test-AzRecoveryServicesReplicationMigrationItemMigrate" executed="True" result="Ignored" success="True" time="0.087" asserts="0" description="Test-AzRecoveryServicesReplicationMigrationItemMigrate">
            <results>
              <test-case description="TestExpanded" name="Test-AzRecoveryServicesReplicationMigrationItemMigrate.TestExpanded" time="0" asserts="0" success="True" result="Ignored" executed="False" />
              <test-case description="Test" name="Test-AzRecoveryServicesReplicationMigrationItemMigrate.Test" time="0" asserts="0" success="True" result="Ignored" executed="False" />
            </results>
          </test-suite>
        </results>
      </test-suite>
      <test-suite type="TestFixture" name="C:\azure-powershell\src\RecoveryServices\RecoveryServices.SiteRecovery.Autorest\test\Test-AzRecoveryServicesReplicationMigrationItemMigrateCleanup.Tests.ps1" executed="True" result="Ignored" success="True" time="0.5402" asserts="0" description="C:\azure-powershell\src\RecoveryServices\RecoveryServices.SiteRecovery.Autorest\test\Test-AzRecoveryServicesReplicationMigrationItemMigrateCleanup.Tests.ps1">
        <results>
          <test-suite type="TestFixture" name="Test-AzRecoveryServicesReplicationMigrationItemMigrateCleanup" executed="True" result="Ignored" success="True" time="0.0748" asserts="0" description="Test-AzRecoveryServicesReplicationMigrationItemMigrateCleanup">
            <results>
              <test-case description="TestExpanded" name="Test-AzRecoveryServicesReplicationMigrationItemMigrateCleanup.TestExpanded" time="0" asserts="0" success="True" result="Ignored" executed="False" />
              <test-case description="Test" name="Test-AzRecoveryServicesReplicationMigrationItemMigrateCleanup.Test" time="0" asserts="0" success="True" result="Ignored" executed="False" />
            </results>
          </test-suite>
        </results>
      </test-suite>
      <test-suite type="TestFixture" name="C:\azure-powershell\src\RecoveryServices\RecoveryServices.SiteRecovery.Autorest\test\Test-AzRecoveryServicesReplicationProtectedItemFailover.Tests.ps1" executed="True" result="Ignored" success="True" time="157.7853" asserts="0" description="C:\azure-powershell\src\RecoveryServices\RecoveryServices.SiteRecovery.Autorest\test\Test-AzRecoveryServicesReplicationProtectedItemFailover.Tests.ps1">
        <results>
          <test-suite type="TestFixture" name="Test-AzRecoveryServicesReplicationProtectedItemFailover" executed="True" result="Ignored" success="True" time="157.3571" asserts="0" description="Test-AzRecoveryServicesReplicationProtectedItemFailover">
            <results>
              <test-case description="TestExpanded" name="Test-AzRecoveryServicesReplicationProtectedItemFailover.TestExpanded" time="157.2305" asserts="0" success="True" result="Success" executed="True" />
              <test-case description="Test" name="Test-AzRecoveryServicesReplicationProtectedItemFailover.Test" time="0" asserts="0" success="True" result="Ignored" executed="False" />
            </results>
          </test-suite>
        </results>
      </test-suite>
      <test-suite type="TestFixture" name="C:\azure-powershell\src\RecoveryServices\RecoveryServices.SiteRecovery.Autorest\test\Test-AzRecoveryServicesReplicationProtectedItemFailoverCleanup.Tests.ps1" executed="True" result="Ignored" success="True" time="159.0851" asserts="0" description="C:\azure-powershell\src\RecoveryServices\RecoveryServices.SiteRecovery.Autorest\test\Test-AzRecoveryServicesReplicationProtectedItemFailoverCleanup.Tests.ps1">
        <results>
          <test-suite type="TestFixture" name="Test-AzRecoveryServicesReplicationProtectedItemFailoverCleanup" executed="True" result="Ignored" success="True" time="158.5669" asserts="0" description="Test-AzRecoveryServicesReplicationProtectedItemFailoverCleanup">
            <results>
              <test-case description="TestExpanded" name="Test-AzRecoveryServicesReplicationProtectedItemFailoverCleanup.TestExpanded" time="158.4701" asserts="0" success="True" result="Success" executed="True" />
              <test-case description="Test" name="Test-AzRecoveryServicesReplicationProtectedItemFailoverCleanup.Test" time="0" asserts="0" success="True" result="Ignored" executed="False" />
            </results>
          </test-suite>
        </results>
      </test-suite>
      <test-suite type="TestFixture" name="C:\azure-powershell\src\RecoveryServices\RecoveryServices.SiteRecovery.Autorest\test\Test-AzRecoveryServicesReplicationRecoveryPlanFailover.Tests.ps1" executed="True" result="Ignored" success="True" time="0.6398" asserts="0" description="C:\azure-powershell\src\RecoveryServices\RecoveryServices.SiteRecovery.Autorest\test\Test-AzRecoveryServicesReplicationRecoveryPlanFailover.Tests.ps1">
        <results>
          <test-suite type="TestFixture" name="Test-AzRecoveryServicesReplicationRecoveryPlanFailover" executed="True" result="Ignored" success="True" time="0.0898" asserts="0" description="Test-AzRecoveryServicesReplicationRecoveryPlanFailover">
            <results>
              <test-case description="TestExpanded" name="Test-AzRecoveryServicesReplicationRecoveryPlanFailover.TestExpanded" time="0" asserts="0" success="True" result="Ignored" executed="False" />
              <test-case description="Test" name="Test-AzRecoveryServicesReplicationRecoveryPlanFailover.Test" time="0" asserts="0" success="True" result="Ignored" executed="False" />
            </results>
          </test-suite>
        </results>
      </test-suite>
      <test-suite type="TestFixture" name="C:\azure-powershell\src\RecoveryServices\RecoveryServices.SiteRecovery.Autorest\test\Test-AzRecoveryServicesReplicationRecoveryPlanFailoverCleanup.Tests.ps1" executed="True" result="Ignored" success="True" time="0.6391" asserts="0" description="C:\azure-powershell\src\RecoveryServices\RecoveryServices.SiteRecovery.Autorest\test\Test-AzRecoveryServicesReplicationRecoveryPlanFailoverCleanup.Tests.ps1">
        <results>
          <test-suite type="TestFixture" name="Test-AzRecoveryServicesReplicationRecoveryPlanFailoverCleanup" executed="True" result="Ignored" success="True" time="0.081" asserts="0" description="Test-AzRecoveryServicesReplicationRecoveryPlanFailoverCleanup">
            <results>
              <test-case description="TestExpanded" name="Test-AzRecoveryServicesReplicationRecoveryPlanFailoverCleanup.TestExpanded" time="0" asserts="0" success="True" result="Ignored" executed="False" />
              <test-case description="Test" name="Test-AzRecoveryServicesReplicationRecoveryPlanFailoverCleanup.Test" time="0" asserts="0" success="True" result="Ignored" executed="False" />
            </results>
          </test-suite>
        </results>
      </test-suite>
      <test-suite type="TestFixture" name="C:\azure-powershell\src\RecoveryServices\RecoveryServices.SiteRecovery.Autorest\test\Update-AzRecoveryServicesReplicationMigrationItem.Tests.ps1" executed="True" result="Ignored" success="True" time="0.5466" asserts="0" description="C:\azure-powershell\src\RecoveryServices\RecoveryServices.SiteRecovery.Autorest\test\Update-AzRecoveryServicesReplicationMigrationItem.Tests.ps1">
        <results>
          <test-suite type="TestFixture" name="Update-AzRecoveryServicesReplicationMigrationItem" executed="True" result="Ignored" success="True" time="0.1153" asserts="0" description="Update-AzRecoveryServicesReplicationMigrationItem">
            <results>
              <test-case description="UpdateExpanded" name="Update-AzRecoveryServicesReplicationMigrationItem.UpdateExpanded" time="0" asserts="0" success="True" result="Ignored" executed="False" />
              <test-case description="Update" name="Update-AzRecoveryServicesReplicationMigrationItem.Update" time="0" asserts="0" success="True" result="Ignored" executed="False" />
            </results>
          </test-suite>
        </results>
      </test-suite>
      <test-suite type="TestFixture" name="C:\azure-powershell\src\RecoveryServices\RecoveryServices.SiteRecovery.Autorest\test\Update-AzRecoveryServicesReplicationNetworkMapping.Tests.ps1" executed="True" result="Ignored" success="True" time="0.5373" asserts="0" description="C:\azure-powershell\src\RecoveryServices\RecoveryServices.SiteRecovery.Autorest\test\Update-AzRecoveryServicesReplicationNetworkMapping.Tests.ps1">
        <results>
          <test-suite type="TestFixture" name="Update-AzRecoveryServicesReplicationNetworkMapping" executed="True" result="Ignored" success="True" time="0.0757" asserts="0" description="Update-AzRecoveryServicesReplicationNetworkMapping">
            <results>
              <test-case description="UpdateExpanded" name="Update-AzRecoveryServicesReplicationNetworkMapping.UpdateExpanded" time="0" asserts="0" success="True" result="Ignored" executed="False" />
              <test-case description="Update" name="Update-AzRecoveryServicesReplicationNetworkMapping.Update" time="0" asserts="0" success="True" result="Ignored" executed="False" />
            </results>
          </test-suite>
        </results>
      </test-suite>
      <test-suite type="TestFixture" name="C:\azure-powershell\src\RecoveryServices\RecoveryServices.SiteRecovery.Autorest\test\Update-AzRecoveryServicesReplicationPolicy.Tests.ps1" executed="True" result="Ignored" success="True" time="33.9408" asserts="0" description="C:\azure-powershell\src\RecoveryServices\RecoveryServices.SiteRecovery.Autorest\test\Update-AzRecoveryServicesReplicationPolicy.Tests.ps1">
        <results>
          <test-suite type="TestFixture" name="Update-AzRecoveryServicesReplicationPolicy" executed="True" result="Ignored" success="True" time="33.5282" asserts="0" description="Update-AzRecoveryServicesReplicationPolicy">
            <results>
              <test-case description="UpdateExpanded" name="Update-AzRecoveryServicesReplicationPolicy.UpdateExpanded" time="33.4082" asserts="0" success="True" result="Success" executed="True" />
              <test-case description="Update" name="Update-AzRecoveryServicesReplicationPolicy.Update" time="0" asserts="0" success="True" result="Ignored" executed="False" />
            </results>
          </test-suite>
        </results>
      </test-suite>
      <test-suite type="TestFixture" name="C:\azure-powershell\src\RecoveryServices\RecoveryServices.SiteRecovery.Autorest\test\Update-AzRecoveryServicesReplicationProtectedItem.Tests.ps1" executed="True" result="Ignored" success="True" time="37.2188" asserts="0" description="C:\azure-powershell\src\RecoveryServices\RecoveryServices.SiteRecovery.Autorest\test\Update-AzRecoveryServicesReplicationProtectedItem.Tests.ps1">
        <results>
          <test-suite type="TestFixture" name="Update-AzRecoveryServicesReplicationProtectedItem" executed="True" result="Ignored" success="True" time="36.7558" asserts="0" description="Update-AzRecoveryServicesReplicationProtectedItem">
            <results>
              <test-case description="UpdateExpanded" name="Update-AzRecoveryServicesReplicationProtectedItem.UpdateExpanded" time="36.5856" asserts="0" success="True" result="Success" executed="True" />
              <test-case description="Update" name="Update-AzRecoveryServicesReplicationProtectedItem.Update" time="0" asserts="0" success="True" result="Ignored" executed="False" />
            </results>
          </test-suite>
        </results>
      </test-suite>
      <test-suite type="TestFixture" name="C:\azure-powershell\src\RecoveryServices\RecoveryServices.SiteRecovery.Autorest\test\Update-AzRecoveryServicesReplicationProtectedItemAppliance.Tests.ps1" executed="True" result="Ignored" success="True" time="0.6002" asserts="0" description="C:\azure-powershell\src\RecoveryServices\RecoveryServices.SiteRecovery.Autorest\test\Update-AzRecoveryServicesReplicationProtectedItemAppliance.Tests.ps1">
        <results>
          <test-suite type="TestFixture" name="Update-AzRecoveryServicesReplicationProtectedItemAppliance" executed="True" result="Ignored" success="True" time="0.0786" asserts="0" description="Update-AzRecoveryServicesReplicationProtectedItemAppliance">
            <results>
              <test-case description="UpdateExpanded" name="Update-AzRecoveryServicesReplicationProtectedItemAppliance.UpdateExpanded" time="0" asserts="0" success="True" result="Ignored" executed="False" />
              <test-case description="Update" name="Update-AzRecoveryServicesReplicationProtectedItemAppliance.Update" time="0" asserts="0" success="True" result="Ignored" executed="False" />
            </results>
          </test-suite>
        </results>
      </test-suite>
      <test-suite type="TestFixture" name="C:\azure-powershell\src\RecoveryServices\RecoveryServices.SiteRecovery.Autorest\test\Update-AzRecoveryServicesReplicationProtectedItemMobilityService.Tests.ps1" executed="True" result="Ignored" success="True" time="0.5463" asserts="0" description="C:\azure-powershell\src\RecoveryServices\RecoveryServices.SiteRecovery.Autorest\test\Update-AzRecoveryServicesReplicationProtectedItemMobilityService.Tests.ps1">
        <results>
          <test-suite type="TestFixture" name="Update-AzRecoveryServicesReplicationProtectedItemMobilityService" executed="True" result="Ignored" success="True" time="0.0814" asserts="0" description="Update-AzRecoveryServicesReplicationProtectedItemMobilityService">
            <results>
              <test-case description="UpdateExpanded" name="Update-AzRecoveryServicesReplicationProtectedItemMobilityService.UpdateExpanded" time="0" asserts="0" success="True" result="Ignored" executed="False" />
              <test-case description="Update" name="Update-AzRecoveryServicesReplicationProtectedItemMobilityService.Update" time="0" asserts="0" success="True" result="Ignored" executed="False" />
            </results>
          </test-suite>
        </results>
      </test-suite>
      <test-suite type="TestFixture" name="C:\azure-powershell\src\RecoveryServices\RecoveryServices.SiteRecovery.Autorest\test\Update-AzRecoveryServicesReplicationProtectionContainerMapping.Tests.ps1" executed="True" result="Ignored" success="True" time="34.2262" asserts="0" description="C:\azure-powershell\src\RecoveryServices\RecoveryServices.SiteRecovery.Autorest\test\Update-AzRecoveryServicesReplicationProtectionContainerMapping.Tests.ps1">
        <results>
          <test-suite type="TestFixture" name="Update-AzRecoveryServicesReplicationProtectionContainerMapping" executed="True" result="Ignored" success="True" time="33.7862" asserts="0" description="Update-AzRecoveryServicesReplicationProtectionContainerMapping">
            <results>
              <test-case description="UpdateExpanded" name="Update-AzRecoveryServicesReplicationProtectionContainerMapping.UpdateExpanded" time="33.6117" asserts="0" success="True" result="Success" executed="True" />
              <test-case description="Update" name="Update-AzRecoveryServicesReplicationProtectionContainerMapping.Update" time="0" asserts="0" success="True" result="Ignored" executed="False" />
            </results>
          </test-suite>
        </results>
      </test-suite>
      <test-suite type="TestFixture" name="C:\azure-powershell\src\RecoveryServices\RecoveryServices.SiteRecovery.Autorest\test\Update-AzRecoveryServicesReplicationRecoveryPlan.Tests.ps1" executed="True" result="Ignored" success="True" time="0.6204" asserts="0" description="C:\azure-powershell\src\RecoveryServices\RecoveryServices.SiteRecovery.Autorest\test\Update-AzRecoveryServicesReplicationRecoveryPlan.Tests.ps1">
        <results>
          <test-suite type="TestFixture" name="Update-AzRecoveryServicesReplicationRecoveryPlan" executed="True" result="Ignored" success="True" time="0.0896" asserts="0" description="Update-AzRecoveryServicesReplicationRecoveryPlan">
            <results>
              <test-case description="UpdateExpanded" name="Update-AzRecoveryServicesReplicationRecoveryPlan.UpdateExpanded" time="0" asserts="0" success="True" result="Ignored" executed="False" />
              <test-case description="Update" name="Update-AzRecoveryServicesReplicationRecoveryPlan.Update" time="0" asserts="0" success="True" result="Ignored" executed="False" />
            </results>
          </test-suite>
        </results>
      </test-suite>
      <test-suite type="TestFixture" name="C:\azure-powershell\src\RecoveryServices\RecoveryServices.SiteRecovery.Autorest\test\Update-AzRecoveryServicesReplicationRecoveryServiceProvider.Tests.ps1" executed="True" result="Ignored" success="True" time="0.6435" asserts="0" description="C:\azure-powershell\src\RecoveryServices\RecoveryServices.SiteRecovery.Autorest\test\Update-AzRecoveryServicesReplicationRecoveryServiceProvider.Tests.ps1">
        <results>
          <test-suite type="TestFixture" name="Update-AzRecoveryServicesReplicationRecoveryServiceProvider" executed="True" result="Ignored" success="True" time="0.1189" asserts="0" description="Update-AzRecoveryServicesReplicationRecoveryServiceProvider">
            <results>
              <test-case description="Refresh" name="Update-AzRecoveryServicesReplicationRecoveryServiceProvider.Refresh" time="0" asserts="0" success="True" result="Ignored" executed="False" />
              <test-case description="RefreshViaIdentity" name="Update-AzRecoveryServicesReplicationRecoveryServiceProvider.RefreshViaIdentity" time="0" asserts="0" success="True" result="Ignored" executed="False" />
            </results>
          </test-suite>
        </results>
      </test-suite>
      <test-suite type="TestFixture" name="C:\azure-powershell\src\RecoveryServices\RecoveryServices.SiteRecovery.Autorest\test\Update-AzRecoveryServicesReplicationVaultHealth.Tests.ps1" executed="True" result="Ignored" success="True" time="0.6308" asserts="0" description="C:\azure-powershell\src\RecoveryServices\RecoveryServices.SiteRecovery.Autorest\test\Update-AzRecoveryServicesReplicationVaultHealth.Tests.ps1">
        <results>
          <test-suite type="TestFixture" name="Update-AzRecoveryServicesReplicationVaultHealth" executed="True" result="Ignored" success="True" time="0.0932" asserts="0" description="Update-AzRecoveryServicesReplicationVaultHealth">
            <results>
              <test-case description="Refresh" name="Update-AzRecoveryServicesReplicationVaultHealth.Refresh" time="0" asserts="0" success="True" result="Ignored" executed="False" />
            </results>
          </test-suite>
        </results>
      </test-suite>
      <test-suite type="TestFixture" name="C:\azure-powershell\src\RecoveryServices\RecoveryServices.SiteRecovery.Autorest\test\Update-AzRecoveryServicesReplicationvCenter.Tests.ps1" executed="True" result="Ignored" success="True" time="0.6293" asserts="0" description="C:\azure-powershell\src\RecoveryServices\RecoveryServices.SiteRecovery.Autorest\test\Update-AzRecoveryServicesReplicationvCenter.Tests.ps1">
        <results>
          <test-suite type="TestFixture" name="Update-AzRecoveryServicesReplicationvCenter" executed="True" result="Ignored" success="True" time="0.1066" asserts="0" description="Update-AzRecoveryServicesReplicationvCenter">
            <results>
              <test-case description="UpdateExpanded" name="Update-AzRecoveryServicesReplicationvCenter.UpdateExpanded" time="0" asserts="0" success="True" result="Ignored" executed="False" />
              <test-case description="Update" name="Update-AzRecoveryServicesReplicationvCenter.Update" time="0" asserts="0" success="True" result="Ignored" executed="False" />
            </results>
          </test-suite>
        </results>
      </test-suite>
    </results>
  </test-suite>
</test-results>