<?xml version="1.0" encoding="utf-8" standalone="no"?>
<test-results xmlns:xsi="http://www.w3.org/2001/XMLSchema-instance" xsi:noNamespaceSchemaLocation="nunit_schema_2.5.xsd" name="Pester" total="21" errors="0" failures="0" not-run="0" inconclusive="0" ignored="167" skipped="0" invalid="0" date="2023-06-07" time="14:32:24">
  <environment os-version="10.0.22000" user="Administrator" clr-version="" nunit-version="2.5.8.0" cwd="C:\azure-powershell\src\RecoveryServices\RecoveryServices.SiteRecovery.Autorest" user-domain="MININT-3RDDDQ0" platform="Microsoft Windows 11 Enterprise|C:\WINDOWS|\Device\Harddisk0\Partition4" machine-name="MININT-3RDDDQ0" />
  <culture-info current-culture="en-US" current-uiculture="en-US" />
  <test-suite type="Powershell" name="Pester" executed="True" result="Ignored" success="True" time="506.4997" asserts="0">
    <results>
      <test-suite type="TestFixture" name="Add-AzRecoveryServicesReplicationProtectedItemDisk" executed="True" result="Ignored" success="True" time="0.7392" asserts="0" description="Add-AzRecoveryServicesReplicationProtectedItemDisk">
        <results>
          <test-case description="AddExpanded" name="Add-AzRecoveryServicesReplicationProtectedItemDisk.AddExpanded" time="0.7033" asserts="0" success="True" result="Ignored" executed="False" />
          <test-case description="Add" name="Add-AzRecoveryServicesReplicationProtectedItemDisk.Add" time="0.0359" asserts="0" success="True" result="Ignored" executed="False" />
        </results>
      </test-suite>
      <test-suite type="TestFixture" name="Add-AzRecoveryServicesReplicationProtectedItemRecoveryPoint" executed="True" result="Ignored" success="True" time="0.635" asserts="0" description="Add-AzRecoveryServicesReplicationProtectedItemRecoveryPoint">
        <results>
          <test-case description="ApplyExpanded" name="Add-AzRecoveryServicesReplicationProtectedItemRecoveryPoint.ApplyExpanded" time="0.629" asserts="0" success="True" result="Ignored" executed="False" />
          <test-case description="Apply" name="Add-AzRecoveryServicesReplicationProtectedItemRecoveryPoint.Apply" time="0.006" asserts="0" success="True" result="Ignored" executed="False" />
        </results>
      </test-suite>
      <test-suite type="TestFixture" name="Clear-AzRecoveryServicesReplicationFabric" executed="True" result="Ignored" success="True" time="0.443" asserts="0" description="Clear-AzRecoveryServicesReplicationFabric">
        <results>
          <test-case description="Purge" name="Clear-AzRecoveryServicesReplicationFabric.Purge" time="0.443" asserts="0" success="True" result="Ignored" executed="False" />
        </results>
      </test-suite>
      <test-suite type="TestFixture" name="Clear-AzRecoveryServicesReplicationProtectedItem" executed="True" result="Ignored" success="True" time="0.4484" asserts="0" description="Clear-AzRecoveryServicesReplicationProtectedItem">
        <results>
          <test-case description="Purge" name="Clear-AzRecoveryServicesReplicationProtectedItem.Purge" time="0.4484" asserts="0" success="True" result="Ignored" executed="False" />
        </results>
      </test-suite>
      <test-suite type="TestFixture" name="Clear-AzRecoveryServicesReplicationProtectionContainerMapping" executed="True" result="Success" success="True" time="35.0529" asserts="0" description="Clear-AzRecoveryServicesReplicationProtectionContainerMapping">
        <results>
          <test-case description="Purge" name="Clear-AzRecoveryServicesReplicationProtectionContainerMapping.Purge" time="35.0529" asserts="0" success="True" result="Success" executed="True" />
        </results>
      </test-suite>
      <test-suite type="TestFixture" name="Clear-AzRecoveryServicesReplicationRecoveryServicesProvider" executed="True" result="Ignored" success="True" time="0.4386" asserts="0" description="Clear-AzRecoveryServicesReplicationRecoveryServicesProvider">
        <results>
          <test-case description="Purge" name="Clear-AzRecoveryServicesReplicationRecoveryServicesProvider.Purge" time="0.4386" asserts="0" success="True" result="Ignored" executed="False" />
        </results>
      </test-suite>
      <test-suite type="TestFixture" name="Export-AzRecoveryServicesReplicationJob" executed="True" result="Ignored" success="True" time="0.4556" asserts="0" description="Export-AzRecoveryServicesReplicationJob">
        <results>
          <test-case description="ExportExpanded" name="Export-AzRecoveryServicesReplicationJob.ExportExpanded" time="0.4396" asserts="0" success="True" result="Ignored" executed="False" />
          <test-case description="Export" name="Export-AzRecoveryServicesReplicationJob.Export" time="0.016" asserts="0" success="True" result="Ignored" executed="False" />
        </results>
      </test-suite>
      <test-suite type="TestFixture" name="Find-AzRecoveryServicesReplicationProtectionContainerProtectableItem" executed="True" result="Ignored" success="True" time="0.453" asserts="0" description="Find-AzRecoveryServicesReplicationProtectionContainerProtectableItem">
        <results>
          <test-case description="DiscoverExpanded" name="Find-AzRecoveryServicesReplicationProtectionContainerProtectableItem.DiscoverExpanded" time="0.4376" asserts="0" success="True" result="Ignored" executed="False" />
          <test-case description="Discover" name="Find-AzRecoveryServicesReplicationProtectionContainerProtectableItem.Discover" time="0.0154" asserts="0" success="True" result="Ignored" executed="False" />
        </results>
      </test-suite>
      <test-suite type="TestFixture" name="Get-AzRecoveryServicesMigrationRecoveryPoint" executed="True" result="Ignored" success="True" time="0.45" asserts="0" description="Get-AzRecoveryServicesMigrationRecoveryPoint">
        <results>
          <test-case description="List" name="Get-AzRecoveryServicesMigrationRecoveryPoint.List" time="0.4363" asserts="0" success="True" result="Ignored" executed="False" />
          <test-case description="Get" name="Get-AzRecoveryServicesMigrationRecoveryPoint.Get" time="0.0137" asserts="0" success="True" result="Ignored" executed="False" />
        </results>
      </test-suite>
      <test-suite type="TestFixture" name="Get-AzRecoveryServicesRecoveryPoint" executed="True" result="Ignored" success="True" time="0.5069" asserts="0" description="Get-AzRecoveryServicesRecoveryPoint">
        <results>
          <test-case description="List" name="Get-AzRecoveryServicesRecoveryPoint.List" time="0.5021" asserts="0" success="True" result="Ignored" executed="False" />
          <test-case description="Get" name="Get-AzRecoveryServicesRecoveryPoint.Get" time="0.0048" asserts="0" success="True" result="Ignored" executed="False" />
        </results>
      </test-suite>
      <test-suite type="TestFixture" name="Get-AzRecoveryServicesReplicationAlertSetting" executed="True" result="Ignored" success="True" time="0.4576" asserts="0" description="Get-AzRecoveryServicesReplicationAlertSetting">
        <results>
          <test-case description="List" name="Get-AzRecoveryServicesReplicationAlertSetting.List" time="0.4422" asserts="0" success="True" result="Ignored" executed="False" />
          <test-case description="Get" name="Get-AzRecoveryServicesReplicationAlertSetting.Get" time="0.0155" asserts="0" success="True" result="Ignored" executed="False" />
        </results>
      </test-suite>
      <test-suite type="TestFixture" name="Get-AzRecoveryServicesReplicationAppliance" executed="True" result="Ignored" success="True" time="0.411" asserts="0" description="Get-AzRecoveryServicesReplicationAppliance">
        <results>
          <test-case description="List" name="Get-AzRecoveryServicesReplicationAppliance.List" time="0.411" asserts="0" success="True" result="Ignored" executed="False" />
        </results>
      </test-suite>
      <test-suite type="TestFixture" name="Get-AzRecoveryServicesReplicationEligibilityResult" executed="True" result="Ignored" success="True" time="0.425" asserts="0" description="Get-AzRecoveryServicesReplicationEligibilityResult">
        <results>
          <test-case description="Get" name="Get-AzRecoveryServicesReplicationEligibilityResult.Get" time="0.425" asserts="0" success="True" result="Ignored" executed="False" />
        </results>
      </test-suite>
      <test-suite type="TestFixture" name="Get-AzRecoveryServicesReplicationEvent" executed="True" result="Ignored" success="True" time="0.5549" asserts="0" description="Get-AzRecoveryServicesReplicationEvent">
        <results>
          <test-case description="List" name="Get-AzRecoveryServicesReplicationEvent.List" time="0.5413" asserts="0" success="True" result="Ignored" executed="False" />
          <test-case description="Get" name="Get-AzRecoveryServicesReplicationEvent.Get" time="0.0136" asserts="0" success="True" result="Ignored" executed="False" />
        </results>
      </test-suite>
      <test-suite type="TestFixture" name="Get-AzRecoveryServicesReplicationFabric" executed="True" result="Success" success="True" time="1.8358" asserts="0" description="Get-AzRecoveryServicesReplicationFabric">
        <results>
          <test-case description="List" name="Get-AzRecoveryServicesReplicationFabric.List" time="0.8748" asserts="0" success="True" result="Success" executed="True" />
          <test-case description="Get" name="Get-AzRecoveryServicesReplicationFabric.Get" time="0.5293" asserts="0" success="True" result="Success" executed="True" />
          <test-case description="GetByName" name="Get-AzRecoveryServicesReplicationFabric.GetByName" time="0.4317" asserts="0" success="True" result="Success" executed="True" />
        </results>
      </test-suite>
      <test-suite type="TestFixture" name="Get-AzRecoveryServicesReplicationJob" executed="True" result="Ignored" success="True" time="0.4747" asserts="0" description="Get-AzRecoveryServicesReplicationJob">
        <results>
          <test-case description="List" name="Get-AzRecoveryServicesReplicationJob.List" time="0.4697" asserts="0" success="True" result="Ignored" executed="False" />
          <test-case description="Get" name="Get-AzRecoveryServicesReplicationJob.Get" time="0.0049" asserts="0" success="True" result="Ignored" executed="False" />
        </results>
      </test-suite>
      <test-suite type="TestFixture" name="Get-AzRecoveryServicesReplicationLogicalNetwork" executed="True" result="Ignored" success="True" time="0.5086" asserts="0" description="Get-AzRecoveryServicesReplicationLogicalNetwork">
        <results>
          <test-case description="List" name="Get-AzRecoveryServicesReplicationLogicalNetwork.List" time="0.4945" asserts="0" success="True" result="Ignored" executed="False" />
          <test-case description="Get" name="Get-AzRecoveryServicesReplicationLogicalNetwork.Get" time="0.0141" asserts="0" success="True" result="Ignored" executed="False" />
        </results>
      </test-suite>
      <test-suite type="TestFixture" name="Get-AzRecoveryServicesReplicationMigrationItem" executed="True" result="Ignored" success="True" time="0.4302" asserts="0" description="Get-AzRecoveryServicesReplicationMigrationItem">
        <results>
          <test-case description="List1" name="Get-AzRecoveryServicesReplicationMigrationItem.List1" time="0.4185" asserts="0" success="True" result="Ignored" executed="False" />
          <test-case description="List" name="Get-AzRecoveryServicesReplicationMigrationItem.List" time="0.0029" asserts="0" success="True" result="Ignored" executed="False" />
          <test-case description="Get" name="Get-AzRecoveryServicesReplicationMigrationItem.Get" time="0.0089" asserts="0" success="True" result="Ignored" executed="False" />
        </results>
      </test-suite>
      <test-suite type="TestFixture" name="Get-AzRecoveryServicesReplicationNetwork" executed="True" result="Ignored" success="True" time="0.4605" asserts="0" description="Get-AzRecoveryServicesReplicationNetwork">
        <results>
          <test-case description="List1" name="Get-AzRecoveryServicesReplicationNetwork.List1" time="0.4432" asserts="0" success="True" result="Ignored" executed="False" />
          <test-case description="List" name="Get-AzRecoveryServicesReplicationNetwork.List" time="0.0139" asserts="0" success="True" result="Ignored" executed="False" />
          <test-case description="Get" name="Get-AzRecoveryServicesReplicationNetwork.Get" time="0.0034" asserts="0" success="True" result="Ignored" executed="False" />
        </results>
      </test-suite>
      <test-suite type="TestFixture" name="Get-AzRecoveryServicesReplicationNetworkMapping" executed="True" result="Ignored" success="True" time="0.4369" asserts="0" description="Get-AzRecoveryServicesReplicationNetworkMapping">
        <results>
          <test-case description="List1" name="Get-AzRecoveryServicesReplicationNetworkMapping.List1" time="0.4251" asserts="0" success="True" result="Ignored" executed="False" />
          <test-case description="List" name="Get-AzRecoveryServicesReplicationNetworkMapping.List" time="0.0035" asserts="0" success="True" result="Ignored" executed="False" />
          <test-case description="Get" name="Get-AzRecoveryServicesReplicationNetworkMapping.Get" time="0.0083" asserts="0" success="True" result="Ignored" executed="False" />
        </results>
      </test-suite>
      <test-suite type="TestFixture" name="Get-AzRecoveryServicesReplicationPolicy" executed="True" result="Success" success="True" time="1.2788" asserts="0" description="Get-AzRecoveryServicesReplicationPolicy">
        <results>
          <test-case description="List" name="Get-AzRecoveryServicesReplicationPolicy.List" time="0.8417" asserts="0" success="True" result="Success" executed="True" />
          <test-case description="Get" name="Get-AzRecoveryServicesReplicationPolicy.Get" time="0.4372" asserts="0" success="True" result="Success" executed="True" />
        </results>
      </test-suite>
      <test-suite type="TestFixture" name="Get-AzRecoveryServicesReplicationProtectableItem" executed="True" result="Ignored" success="True" time="0.4483" asserts="0" description="Get-AzRecoveryServicesReplicationProtectableItem">
        <results>
          <test-case description="List" name="Get-AzRecoveryServicesReplicationProtectableItem.List" time="0.444" asserts="0" success="True" result="Ignored" executed="False" />
          <test-case description="Get" name="Get-AzRecoveryServicesReplicationProtectableItem.Get" time="0.0042" asserts="0" success="True" result="Ignored" executed="False" />
        </results>
      </test-suite>
      <test-suite type="TestFixture" name="Get-AzRecoveryServicesReplicationProtectedItem" executed="True" result="Ignored" success="True" time="0.5112" asserts="0" description="Get-AzRecoveryServicesReplicationProtectedItem">
        <results>
          <test-case description="List1" name="Get-AzRecoveryServicesReplicationProtectedItem.List1" time="0.4993" asserts="0" success="True" result="Ignored" executed="False" />
          <test-case description="List" name="Get-AzRecoveryServicesReplicationProtectedItem.List" time="0.0051" asserts="0" success="True" result="Ignored" executed="False" />
          <test-case description="Get" name="Get-AzRecoveryServicesReplicationProtectedItem.Get" time="0.0068" asserts="0" success="True" result="Ignored" executed="False" />
        </results>
      </test-suite>
      <test-suite type="TestFixture" name="Get-AzRecoveryServicesReplicationProtectionContainer" executed="True" result="Success" success="True" time="2.563" asserts="0" description="Get-AzRecoveryServicesReplicationProtectionContainer">
        <results>
          <test-case description="List1" name="Get-AzRecoveryServicesReplicationProtectionContainer.List1" time="0.8358" asserts="0" success="True" result="Success" executed="True" />
          <test-case description="List" name="Get-AzRecoveryServicesReplicationProtectionContainer.List" time="0.8767" asserts="0" success="True" result="Success" executed="True" />
          <test-case description="Get" name="Get-AzRecoveryServicesReplicationProtectionContainer.Get" time="0.8505" asserts="0" success="True" result="Success" executed="True" />
        </results>
      </test-suite>
      <test-suite type="TestFixture" name="Get-AzRecoveryServicesReplicationProtectionContainerMapping" executed="True" result="Success" success="True" time="3.6389" asserts="0" description="Get-AzRecoveryServicesReplicationProtectionContainerMapping">
        <results>
          <test-case description="List1" name="Get-AzRecoveryServicesReplicationProtectionContainerMapping.List1" time="0.8744" asserts="0" success="True" result="Success" executed="True" />
          <test-case description="List" name="Get-AzRecoveryServicesReplicationProtectionContainerMapping.List" time="1.3609" asserts="0" success="True" result="Success" executed="True" />
          <test-case description="Get" name="Get-AzRecoveryServicesReplicationProtectionContainerMapping.Get" time="1.4036" asserts="0" success="True" result="Success" executed="True" />
        </results>
      </test-suite>
      <test-suite type="TestFixture" name="Get-AzRecoveryServicesReplicationProtectionIntent" executed="True" result="Ignored" success="True" time="0.4528" asserts="0" description="Get-AzRecoveryServicesReplicationProtectionIntent">
        <results>
          <test-case description="List" name="Get-AzRecoveryServicesReplicationProtectionIntent.List" time="0.4483" asserts="0" success="True" result="Ignored" executed="False" />
          <test-case description="Get" name="Get-AzRecoveryServicesReplicationProtectionIntent.Get" time="0.0045" asserts="0" success="True" result="Ignored" executed="False" />
        </results>
      </test-suite>
      <test-suite type="TestFixture" name="Get-AzRecoveryServicesReplicationRecoveryPlan" executed="True" result="Ignored" success="True" time="0.4448" asserts="0" description="Get-AzRecoveryServicesReplicationRecoveryPlan">
        <results>
          <test-case description="List" name="Get-AzRecoveryServicesReplicationRecoveryPlan.List" time="0.4423" asserts="0" success="True" result="Ignored" executed="False" />
          <test-case description="Get" name="Get-AzRecoveryServicesReplicationRecoveryPlan.Get" time="0.0025" asserts="0" success="True" result="Ignored" executed="False" />
        </results>
      </test-suite>
      <test-suite type="TestFixture" name="Get-AzRecoveryServicesReplicationRecoveryServiceProvider" executed="True" result="Ignored" success="True" time="0.4764" asserts="0" description="Get-AzRecoveryServicesReplicationRecoveryServiceProvider">
        <results>
          <test-case description="List" name="Get-AzRecoveryServicesReplicationRecoveryServiceProvider.List" time="0.4764" asserts="0" success="True" result="Ignored" executed="False" />
        </results>
      </test-suite>
      <test-suite type="TestFixture" name="Get-AzRecoveryServicesReplicationRecoveryServicesProvider" executed="True" result="Ignored" success="True" time="0.4343" asserts="0" description="Get-AzRecoveryServicesReplicationRecoveryServicesProvider">
        <results>
          <test-case description="List" name="Get-AzRecoveryServicesReplicationRecoveryServicesProvider.List" time="0.4202" asserts="0" success="True" result="Ignored" executed="False" />
          <test-case description="Get" name="Get-AzRecoveryServicesReplicationRecoveryServicesProvider.Get" time="0.0141" asserts="0" success="True" result="Ignored" executed="False" />
        </results>
      </test-suite>
      <test-suite type="TestFixture" name="Get-AzRecoveryServicesReplicationStorageClassification" executed="True" result="Ignored" success="True" time="0.4811" asserts="0" description="Get-AzRecoveryServicesReplicationStorageClassification">
        <results>
          <test-case description="List1" name="Get-AzRecoveryServicesReplicationStorageClassification.List1" time="0.464" asserts="0" success="True" result="Ignored" executed="False" />
          <test-case description="List" name="Get-AzRecoveryServicesReplicationStorageClassification.List" time="0.0039" asserts="0" success="True" result="Ignored" executed="False" />
          <test-case description="Get" name="Get-AzRecoveryServicesReplicationStorageClassification.Get" time="0.0132" asserts="0" success="True" result="Ignored" executed="False" />
        </results>
      </test-suite>
      <test-suite type="TestFixture" name="Get-AzRecoveryServicesReplicationStorageClassificationMapping" executed="True" result="Ignored" success="True" time="0.4345" asserts="0" description="Get-AzRecoveryServicesReplicationStorageClassificationMapping">
        <results>
          <test-case description="List1" name="Get-AzRecoveryServicesReplicationStorageClassificationMapping.List1" time="0.4233" asserts="0" success="True" result="Ignored" executed="False" />
          <test-case description="List" name="Get-AzRecoveryServicesReplicationStorageClassificationMapping.List" time="0.0027" asserts="0" success="True" result="Ignored" executed="False" />
          <test-case description="Get" name="Get-AzRecoveryServicesReplicationStorageClassificationMapping.Get" time="0.0084" asserts="0" success="True" result="Ignored" executed="False" />
        </results>
      </test-suite>
      <test-suite type="TestFixture" name="Get-AzRecoveryServicesReplicationVaultHealth" executed="True" result="Ignored" success="True" time="0.418" asserts="0" description="Get-AzRecoveryServicesReplicationVaultHealth">
        <results>
          <test-case description="Get" name="Get-AzRecoveryServicesReplicationVaultHealth.Get" time="0.418" asserts="0" success="True" result="Ignored" executed="False" />
        </results>
      </test-suite>
      <test-suite type="TestFixture" name="Get-AzRecoveryServicesReplicationVaultSetting" executed="True" result="Ignored" success="True" time="0.4867" asserts="0" description="Get-AzRecoveryServicesReplicationVaultSetting">
        <results>
          <test-case description="List" name="Get-AzRecoveryServicesReplicationVaultSetting.List" time="0.4784" asserts="0" success="True" result="Ignored" executed="False" />
          <test-case description="Get" name="Get-AzRecoveryServicesReplicationVaultSetting.Get" time="0.0083" asserts="0" success="True" result="Ignored" executed="False" />
        </results>
      </test-suite>
      <test-suite type="TestFixture" name="Get-AzRecoveryServicesReplicationvCenter" executed="True" result="Ignored" success="True" time="0.4718" asserts="0" description="Get-AzRecoveryServicesReplicationvCenter">
        <results>
          <test-case description="List1" name="Get-AzRecoveryServicesReplicationvCenter.List1" time="0.4649" asserts="0" success="True" result="Ignored" executed="False" />
          <test-case description="List" name="Get-AzRecoveryServicesReplicationvCenter.List" time="0.0043" asserts="0" success="True" result="Ignored" executed="False" />
          <test-case description="Get" name="Get-AzRecoveryServicesReplicationvCenter.Get" time="0.0025" asserts="0" success="True" result="Ignored" executed="False" />
        </results>
      </test-suite>
      <test-suite type="TestFixture" name="Get-AzRecoveryServicesSupportedOperatingSystem" executed="True" result="Ignored" success="True" time="0.4318" asserts="0" description="Get-AzRecoveryServicesSupportedOperatingSystem">
        <results>
          <test-case description="Get" name="Get-AzRecoveryServicesSupportedOperatingSystem.Get" time="0.4318" asserts="0" success="True" result="Ignored" executed="False" />
        </results>
      </test-suite>
      <test-suite type="TestFixture" name="Get-AzRecoveryServicesTargetComputeSize" executed="True" result="Ignored" success="True" time="0.4121" asserts="0" description="Get-AzRecoveryServicesTargetComputeSize">
        <results>
          <test-case description="List" name="Get-AzRecoveryServicesTargetComputeSize.List" time="0.4121" asserts="0" success="True" result="Ignored" executed="False" />
        </results>
      </test-suite>
      <test-suite type="TestFixture" name="Invoke-AzRecoveryServicesCommitReplicationProtectedItemFailover" executed="True" result="Ignored" success="True" time="0.4176" asserts="0" description="Invoke-AzRecoveryServicesCommitReplicationProtectedItemFailover">
        <results>
          <test-case description="Commit" name="Invoke-AzRecoveryServicesCommitReplicationProtectedItemFailover.Commit" time="0.4176" asserts="0" success="True" result="Ignored" executed="False" />
        </results>
      </test-suite>
      <test-suite type="TestFixture" name="Invoke-AzRecoveryServicesCommitReplicationRecoveryPlanFailover" executed="True" result="Ignored" success="True" time="0.4579" asserts="0" description="Invoke-AzRecoveryServicesCommitReplicationRecoveryPlanFailover">
        <results>
          <test-case description="Commit" name="Invoke-AzRecoveryServicesCommitReplicationRecoveryPlanFailover.Commit" time="0.4579" asserts="0" success="True" result="Ignored" executed="False" />
        </results>
      </test-suite>
      <test-suite type="TestFixture" name="Invoke-AzRecoveryServicesPlannedReplicationProtectedItemFailover" executed="True" result="Ignored" success="True" time="0.4288" asserts="0" description="Invoke-AzRecoveryServicesPlannedReplicationProtectedItemFailover">
        <results>
          <test-case description="PlannedExpanded" name="Invoke-AzRecoveryServicesPlannedReplicationProtectedItemFailover.PlannedExpanded" time="0.4255" asserts="0" success="True" result="Ignored" executed="False" />
          <test-case description="Planned" name="Invoke-AzRecoveryServicesPlannedReplicationProtectedItemFailover.Planned" time="0.0033" asserts="0" success="True" result="Ignored" executed="False" />
        </results>
      </test-suite>
      <test-suite type="TestFixture" name="Invoke-AzRecoveryServicesPlannedReplicationRecoveryPlanFailover" executed="True" result="Ignored" success="True" time="0.4345" asserts="0" description="Invoke-AzRecoveryServicesPlannedReplicationRecoveryPlanFailover">
        <results>
          <test-case description="PlannedExpanded" name="Invoke-AzRecoveryServicesPlannedReplicationRecoveryPlanFailover.PlannedExpanded" time="0.4184" asserts="0" success="True" result="Ignored" executed="False" />
          <test-case description="Planned" name="Invoke-AzRecoveryServicesPlannedReplicationRecoveryPlanFailover.Planned" time="0.0162" asserts="0" success="True" result="Ignored" executed="False" />
        </results>
      </test-suite>
      <test-suite type="TestFixture" name="Invoke-AzRecoveryServicesRenewReplicationFabricCertificate" executed="True" result="Ignored" success="True" time="0.4239" asserts="0" description="Invoke-AzRecoveryServicesRenewReplicationFabricCertificate">
        <results>
          <test-case description="RenewExpanded" name="Invoke-AzRecoveryServicesRenewReplicationFabricCertificate.RenewExpanded" time="0.4212" asserts="0" success="True" result="Ignored" executed="False" />
          <test-case description="Renew" name="Invoke-AzRecoveryServicesRenewReplicationFabricCertificate.Renew" time="0.0027" asserts="0" success="True" result="Ignored" executed="False" />
        </results>
      </test-suite>
      <test-suite type="TestFixture" name="Invoke-AzRecoveryServicesReprotectReplicationProtectedItem" executed="True" result="Ignored" success="True" time="0.4317" asserts="0" description="Invoke-AzRecoveryServicesReprotectReplicationProtectedItem">
        <results>
          <test-case description="ReprotectExpanded" name="Invoke-AzRecoveryServicesReprotectReplicationProtectedItem.ReprotectExpanded" time="0.428" asserts="0" success="True" result="Ignored" executed="False" />
          <test-case description="Reprotect" name="Invoke-AzRecoveryServicesReprotectReplicationProtectedItem.Reprotect" time="0.0037" asserts="0" success="True" result="Ignored" executed="False" />
        </results>
      </test-suite>
      <test-suite type="TestFixture" name="Invoke-AzRecoveryServicesReprotectReplicationRecoveryPlan" executed="True" result="Ignored" success="True" time="0.4586" asserts="0" description="Invoke-AzRecoveryServicesReprotectReplicationRecoveryPlan">
        <results>
          <test-case description="Reprotect" name="Invoke-AzRecoveryServicesReprotectReplicationRecoveryPlan.Reprotect" time="0.4586" asserts="0" success="True" result="Ignored" executed="False" />
        </results>
      </test-suite>
      <test-suite type="TestFixture" name="Invoke-AzRecoveryServicesResyncReplicationMigrationItem" executed="True" result="Ignored" success="True" time="0.4806" asserts="0" description="Invoke-AzRecoveryServicesResyncReplicationMigrationItem">
        <results>
          <test-case description="ResyncExpanded" name="Invoke-AzRecoveryServicesResyncReplicationMigrationItem.ResyncExpanded" time="0.4782" asserts="0" success="True" result="Ignored" executed="False" />
          <test-case description="Resync" name="Invoke-AzRecoveryServicesResyncReplicationMigrationItem.Resync" time="0.0025" asserts="0" success="True" result="Ignored" executed="False" />
        </results>
      </test-suite>
      <test-suite type="TestFixture" name="Invoke-AzRecoveryServicesUnplannedReplicationProtectedItemFailover" executed="True" result="Ignored" success="True" time="0.4442" asserts="0" description="Invoke-AzRecoveryServicesUnplannedReplicationProtectedItemFailover">
        <results>
          <test-case description="UnplannedExpanded" name="Invoke-AzRecoveryServicesUnplannedReplicationProtectedItemFailover.UnplannedExpanded" time="0.4415" asserts="0" success="True" result="Ignored" executed="False" />
          <test-case description="Unplanned" name="Invoke-AzRecoveryServicesUnplannedReplicationProtectedItemFailover.Unplanned" time="0.0027" asserts="0" success="True" result="Ignored" executed="False" />
        </results>
      </test-suite>
      <test-suite type="TestFixture" name="Invoke-AzRecoveryServicesUnplannedReplicationRecoveryPlanFailover" executed="True" result="Ignored" success="True" time="0.4508" asserts="0" description="Invoke-AzRecoveryServicesUnplannedReplicationRecoveryPlanFailover">
        <results>
          <test-case description="UnplannedExpanded" name="Invoke-AzRecoveryServicesUnplannedReplicationRecoveryPlanFailover.UnplannedExpanded" time="0.447" asserts="0" success="True" result="Ignored" executed="False" />
          <test-case description="Unplanned" name="Invoke-AzRecoveryServicesUnplannedReplicationRecoveryPlanFailover.Unplanned" time="0.0038" asserts="0" success="True" result="Ignored" executed="False" />
        </results>
      </test-suite>
      <test-suite type="TestFixture" name="Move-AzRecoveryServicesReplicationFabricGateway" executed="True" result="Ignored" success="True" time="0.4466" asserts="0" description="Move-AzRecoveryServicesReplicationFabricGateway">
        <results>
          <test-case description="ReassociateExpanded" name="Move-AzRecoveryServicesReplicationFabricGateway.ReassociateExpanded" time="0.4344" asserts="0" success="True" result="Ignored" executed="False" />
          <test-case description="Reassociate" name="Move-AzRecoveryServicesReplicationFabricGateway.Reassociate" time="0.0123" asserts="0" success="True" result="Ignored" executed="False" />
        </results>
      </test-suite>
      <test-suite type="TestFixture" name="Move-AzRecoveryServicesReplicationFabricToAad" executed="True" result="Ignored" success="True" time="0.4423" asserts="0" description="Move-AzRecoveryServicesReplicationFabricToAad">
        <results>
          <test-case description="Migrate" name="Move-AzRecoveryServicesReplicationFabricToAad.Migrate" time="0.4423" asserts="0" success="True" result="Ignored" executed="False" />
        </results>
      </test-suite>
      <test-suite type="TestFixture" name="Move-AzRecoveryServicesReplicationMigrationItem" executed="True" result="Ignored" success="True" time="0.4449" asserts="0" description="Move-AzRecoveryServicesReplicationMigrationItem">
        <results>
          <test-case description="MigrateExpanded" name="Move-AzRecoveryServicesReplicationMigrationItem.MigrateExpanded" time="0.4362" asserts="0" success="True" result="Ignored" executed="False" />
          <test-case description="Migrate" name="Move-AzRecoveryServicesReplicationMigrationItem.Migrate" time="0.0086" asserts="0" success="True" result="Ignored" executed="False" />
        </results>
      </test-suite>
      <test-suite type="TestFixture" name="New-AzRecoveryServicesReplicationAlertSetting" executed="True" result="Ignored" success="True" time="0.4567" asserts="0" description="New-AzRecoveryServicesReplicationAlertSetting">
        <results>
          <test-case description="CreateExpanded" name="New-AzRecoveryServicesReplicationAlertSetting.CreateExpanded" time="0.4431" asserts="0" success="True" result="Ignored" executed="False" />
          <test-case description="Create" name="New-AzRecoveryServicesReplicationAlertSetting.Create" time="0.0135" asserts="0" success="True" result="Ignored" executed="False" />
        </results>
      </test-suite>
      <test-suite type="TestFixture" name="New-AzRecoveryServicesReplicationFabric" executed="True" result="Ignored" success="True" time="93.2398" asserts="0" description="New-AzRecoveryServicesReplicationFabric">
        <results>
          <test-case description="CreateExpanded" name="New-AzRecoveryServicesReplicationFabric.CreateExpanded" time="93.2293" asserts="0" success="True" result="Success" executed="True" />
          <test-case description="Create" name="New-AzRecoveryServicesReplicationFabric.Create" time="0.0104" asserts="0" success="True" result="Ignored" executed="False" />
        </results>
      </test-suite>
      <test-suite type="TestFixture" name="New-AzRecoveryServicesReplicationMigrationItem" executed="True" result="Ignored" success="True" time="0.5255" asserts="0" description="New-AzRecoveryServicesReplicationMigrationItem">
        <results>
          <test-case description="CreateExpanded" name="New-AzRecoveryServicesReplicationMigrationItem.CreateExpanded" time="0.5192" asserts="0" success="True" result="Ignored" executed="False" />
          <test-case description="Create" name="New-AzRecoveryServicesReplicationMigrationItem.Create" time="0.0063" asserts="0" success="True" result="Ignored" executed="False" />
        </results>
      </test-suite>
      <test-suite type="TestFixture" name="New-AzRecoveryServicesReplicationNetworkMapping" executed="True" result="Ignored" success="True" time="0.4521" asserts="0" description="New-AzRecoveryServicesReplicationNetworkMapping">
        <results>
          <test-case description="CreateExpanded" name="New-AzRecoveryServicesReplicationNetworkMapping.CreateExpanded" time="0.4464" asserts="0" success="True" result="Ignored" executed="False" />
          <test-case description="Create" name="New-AzRecoveryServicesReplicationNetworkMapping.Create" time="0.0057" asserts="0" success="True" result="Ignored" executed="False" />
        </results>
      </test-suite>
      <test-suite type="TestFixture" name="New-AzRecoveryServicesReplicationPolicy" executed="True" result="Ignored" success="True" time="31.9591" asserts="0" description="New-AzRecoveryServicesReplicationPolicy">
        <results>
          <test-case description="CreateExpanded" name="New-AzRecoveryServicesReplicationPolicy.CreateExpanded" time="31.9482" asserts="0" success="True" result="Success" executed="True" />
          <test-case description="Create" name="New-AzRecoveryServicesReplicationPolicy.Create" time="0.011" asserts="0" success="True" result="Ignored" executed="False" />
        </results>
      </test-suite>
      <test-suite type="TestFixture" name="New-AzRecoveryServicesReplicationProtectedItem" executed="True" result="Ignored" success="True" time="0.4435" asserts="0" description="New-AzRecoveryServicesReplicationProtectedItem">
        <results>
          <test-case description="CreateExpanded" name="New-AzRecoveryServicesReplicationProtectedItem.CreateExpanded" time="0.44" asserts="0" success="True" result="Ignored" executed="False" />
          <test-case description="Create" name="New-AzRecoveryServicesReplicationProtectedItem.Create" time="0.0036" asserts="0" success="True" result="Ignored" executed="False" />
        </results>
      </test-suite>
      <test-suite type="TestFixture" name="New-AzRecoveryServicesReplicationProtectionContainer" executed="True" result="Ignored" success="True" time="32.4349" asserts="0" description="New-AzRecoveryServicesReplicationProtectionContainer">
        <results>
          <test-case description="CreateExpanded" name="New-AzRecoveryServicesReplicationProtectionContainer.CreateExpanded" time="32.4255" asserts="0" success="True" result="Success" executed="True" />
          <test-case description="Create" name="New-AzRecoveryServicesReplicationProtectionContainer.Create" time="0.0094" asserts="0" success="True" result="Ignored" executed="False" />
        </results>
      </test-suite>
      <test-suite type="TestFixture" name="New-AzRecoveryServicesReplicationProtectionContainerMapping" executed="True" result="Ignored" success="True" time="95.7904" asserts="0" description="New-AzRecoveryServicesReplicationProtectionContainerMapping">
        <results>
          <test-case description="CreateExpanded" name="New-AzRecoveryServicesReplicationProtectionContainerMapping.CreateExpanded" time="95.7785" asserts="0" success="True" result="Success" executed="True" />
          <test-case description="Create" name="New-AzRecoveryServicesReplicationProtectionContainerMapping.Create" time="0.0119" asserts="0" success="True" result="Ignored" executed="False" />
        </results>
      </test-suite>
      <test-suite type="TestFixture" name="New-AzRecoveryServicesReplicationProtectionIntent" executed="True" result="Ignored" success="True" time="0.6433" asserts="0" description="New-AzRecoveryServicesReplicationProtectionIntent">
        <results>
          <test-case description="CreateExpanded" name="New-AzRecoveryServicesReplicationProtectionIntent.CreateExpanded" time="0.6392" asserts="0" success="True" result="Ignored" executed="False" />
          <test-case description="Create" name="New-AzRecoveryServicesReplicationProtectionIntent.Create" time="0.0042" asserts="0" success="True" result="Ignored" executed="False" />
        </results>
      </test-suite>
      <test-suite type="TestFixture" name="New-AzRecoveryServicesReplicationRecoveryPlan" executed="True" result="Ignored" success="True" time="0.6094" asserts="0" description="New-AzRecoveryServicesReplicationRecoveryPlan">
        <results>
          <test-case description="Create" name="New-AzRecoveryServicesReplicationRecoveryPlan.Create" time="0.5873" asserts="0" success="True" result="Ignored" executed="False" />
          <test-case description="CreateExpanded" name="New-AzRecoveryServicesReplicationRecoveryPlan.CreateExpanded" time="0.0222" asserts="0" success="True" result="Ignored" executed="False" />
        </results>
      </test-suite>
      <test-suite type="TestFixture" name="New-AzRecoveryServicesReplicationRecoveryServicesProvider" executed="True" result="Ignored" success="True" time="0.4749" asserts="0" description="New-AzRecoveryServicesReplicationRecoveryServicesProvider">
        <results>
          <test-case description="CreateExpanded" name="New-AzRecoveryServicesReplicationRecoveryServicesProvider.CreateExpanded" time="0.4668" asserts="0" success="True" result="Ignored" executed="False" />
          <test-case description="Create" name="New-AzRecoveryServicesReplicationRecoveryServicesProvider.Create" time="0.0081" asserts="0" success="True" result="Ignored" executed="False" />
        </results>
      </test-suite>
      <test-suite type="TestFixture" name="New-AzRecoveryServicesReplicationStorageClassificationMapping" executed="True" result="Ignored" success="True" time="0.5385" asserts="0" description="New-AzRecoveryServicesReplicationStorageClassificationMapping">
        <results>
          <test-case description="CreateExpanded" name="New-AzRecoveryServicesReplicationStorageClassificationMapping.CreateExpanded" time="0.5363" asserts="0" success="True" result="Ignored" executed="False" />
          <test-case description="Create" name="New-AzRecoveryServicesReplicationStorageClassificationMapping.Create" time="0.0022" asserts="0" success="True" result="Ignored" executed="False" />
        </results>
      </test-suite>
      <test-suite type="TestFixture" name="New-AzRecoveryServicesReplicationVaultSetting" executed="True" result="Ignored" success="True" time="0.6094" asserts="0" description="New-AzRecoveryServicesReplicationVaultSetting">
        <results>
          <test-case description="CreateExpanded" name="New-AzRecoveryServicesReplicationVaultSetting.CreateExpanded" time="0.6073" asserts="0" success="True" result="Ignored" executed="False" />
          <test-case description="Create" name="New-AzRecoveryServicesReplicationVaultSetting.Create" time="0.0021" asserts="0" success="True" result="Ignored" executed="False" />
        </results>
      </test-suite>
      <test-suite type="TestFixture" name="New-AzRecoveryServicesReplicationvCenter" executed="True" result="Ignored" success="True" time="0.6395" asserts="0" description="New-AzRecoveryServicesReplicationvCenter">
        <results>
          <test-case description="CreateExpanded" name="New-AzRecoveryServicesReplicationvCenter.CreateExpanded" time="0.6359" asserts="0" success="True" result="Ignored" executed="False" />
          <test-case description="Create" name="New-AzRecoveryServicesReplicationvCenter.Create" time="0.0036" asserts="0" success="True" result="Ignored" executed="False" />
        </results>
      </test-suite>
      <test-suite type="TestFixture" name="Remove-AzRecoveryServicesReplicationFabric" executed="True" result="Success" success="True" time="32.972" asserts="0" description="Remove-AzRecoveryServicesReplicationFabric">
        <results>
          <test-case description="Delete" name="Remove-AzRecoveryServicesReplicationFabric.Delete" time="32.972" asserts="0" success="True" result="Success" executed="True" />
        </results>
      </test-suite>
      <test-suite type="TestFixture" name="Remove-AzRecoveryServicesReplicationMigrationItem" executed="True" result="Ignored" success="True" time="0.4918" asserts="0" description="Remove-AzRecoveryServicesReplicationMigrationItem">
        <results>
          <test-case description="Delete" name="Remove-AzRecoveryServicesReplicationMigrationItem.Delete" time="0.4918" asserts="0" success="True" result="Ignored" executed="False" />
        </results>
      </test-suite>
      <test-suite type="TestFixture" name="Remove-AzRecoveryServicesReplicationNetworkMapping" executed="True" result="Ignored" success="True" time="0.513" asserts="0" description="Remove-AzRecoveryServicesReplicationNetworkMapping">
        <results>
          <test-case description="Delete" name="Remove-AzRecoveryServicesReplicationNetworkMapping.Delete" time="0.513" asserts="0" success="True" result="Ignored" executed="False" />
        </results>
      </test-suite>
      <test-suite type="TestFixture" name="Remove-AzRecoveryServicesReplicationPolicy" executed="True" result="Success" success="True" time="34.4762" asserts="0" description="Remove-AzRecoveryServicesReplicationPolicy">
        <results>
          <test-case description="Delete" name="Remove-AzRecoveryServicesReplicationPolicy.Delete" time="34.4762" asserts="0" success="True" result="Success" executed="True" />
        </results>
      </test-suite>
      <test-suite type="TestFixture" name="Remove-AzRecoveryServicesReplicationProtectedItem" executed="True" result="Ignored" success="True" time="0.4943" asserts="0" description="Remove-AzRecoveryServicesReplicationProtectedItem">
        <results>
          <test-case description="DeleteExpanded" name="Remove-AzRecoveryServicesReplicationProtectedItem.DeleteExpanded" time="0.4914" asserts="0" success="True" result="Ignored" executed="False" />
          <test-case description="Delete" name="Remove-AzRecoveryServicesReplicationProtectedItem.Delete" time="0.0029" asserts="0" success="True" result="Ignored" executed="False" />
        </results>
      </test-suite>
      <test-suite type="TestFixture" name="Remove-AzRecoveryServicesReplicationProtectedItemDisk" executed="True" result="Ignored" success="True" time="0.485" asserts="0" description="Remove-AzRecoveryServicesReplicationProtectedItemDisk">
        <results>
          <test-case description="RemoveExpanded" name="Remove-AzRecoveryServicesReplicationProtectedItemDisk.RemoveExpanded" time="0.4722" asserts="0" success="True" result="Ignored" executed="False" />
          <test-case description="Remove" name="Remove-AzRecoveryServicesReplicationProtectedItemDisk.Remove" time="0.0127" asserts="0" success="True" result="Ignored" executed="False" />
        </results>
      </test-suite>
      <test-suite type="TestFixture" name="Remove-AzRecoveryServicesReplicationProtectionContainer" executed="True" result="Success" success="True" time="32.48" asserts="0" description="Remove-AzRecoveryServicesReplicationProtectionContainer">
        <results>
          <test-case description="Delete" name="Remove-AzRecoveryServicesReplicationProtectionContainer.Delete" time="32.48" asserts="0" success="True" result="Success" executed="True" />
        </results>
      </test-suite>
      <test-suite type="TestFixture" name="Remove-AzRecoveryServicesReplicationProtectionContainerMapping" executed="True" result="Ignored" success="True" time="0.4695" asserts="0" description="Remove-AzRecoveryServicesReplicationProtectionContainerMapping">
        <results>
          <test-case description="DeleteExpanded" name="Remove-AzRecoveryServicesReplicationProtectionContainerMapping.DeleteExpanded" time="0.4658" asserts="0" success="True" result="Ignored" executed="False" />
          <test-case description="Delete" name="Remove-AzRecoveryServicesReplicationProtectionContainerMapping.Delete" time="0.0037" asserts="0" success="True" result="Ignored" executed="False" />
        </results>
      </test-suite>
      <test-suite type="TestFixture" name="Remove-AzRecoveryServicesReplicationRecoveryPlan" executed="True" result="Ignored" success="True" time="0.4852" asserts="0" description="Remove-AzRecoveryServicesReplicationRecoveryPlan">
        <results>
          <test-case description="Delete" name="Remove-AzRecoveryServicesReplicationRecoveryPlan.Delete" time="0.4852" asserts="0" success="True" result="Ignored" executed="False" />
        </results>
      </test-suite>
      <test-suite type="TestFixture" name="Remove-AzRecoveryServicesReplicationRecoveryServicesProvider" executed="True" result="Ignored" success="True" time="0.5193" asserts="0" description="Remove-AzRecoveryServicesReplicationRecoveryServicesProvider">
        <results>
          <test-case description="Delete" name="Remove-AzRecoveryServicesReplicationRecoveryServicesProvider.Delete" time="0.5193" asserts="0" success="True" result="Ignored" executed="False" />
        </results>
      </test-suite>
      <test-suite type="TestFixture" name="Remove-AzRecoveryServicesReplicationStorageClassificationMapping" executed="True" result="Ignored" success="True" time="0.4681" asserts="0" description="Remove-AzRecoveryServicesReplicationStorageClassificationMapping">
        <results>
          <test-case description="Delete" name="Remove-AzRecoveryServicesReplicationStorageClassificationMapping.Delete" time="0.4681" asserts="0" success="True" result="Ignored" executed="False" />
        </results>
      </test-suite>
      <test-suite type="TestFixture" name="Remove-AzRecoveryServicesReplicationvCenter" executed="True" result="Ignored" success="True" time="0.4435" asserts="0" description="Remove-AzRecoveryServicesReplicationvCenter">
        <results>
          <test-case description="Delete" name="Remove-AzRecoveryServicesReplicationvCenter.Delete" time="0.4435" asserts="0" success="True" result="Ignored" executed="False" />
        </results>
      </test-suite>
      <test-suite type="TestFixture" name="Repair-AzRecoveryServicesReplicationProtectedItemReplication" executed="True" result="Ignored" success="True" time="0.4579" asserts="0" description="Repair-AzRecoveryServicesReplicationProtectedItemReplication">
        <results>
          <test-case description="Repair" name="Repair-AzRecoveryServicesReplicationProtectedItemReplication.Repair" time="0.4579" asserts="0" success="True" result="Ignored" executed="False" />
        </results>
      </test-suite>
      <test-suite type="TestFixture" name="Resolve-AzRecoveryServicesReplicationProtectedItemHealthError" executed="True" result="Ignored" success="True" time="0.5112" asserts="0" description="Resolve-AzRecoveryServicesReplicationProtectedItemHealthError">
        <results>
          <test-case description="ResolveExpanded" name="Resolve-AzRecoveryServicesReplicationProtectedItemHealthError.ResolveExpanded" time="0.5081" asserts="0" success="True" result="Ignored" executed="False" />
          <test-case description="Resolve" name="Resolve-AzRecoveryServicesReplicationProtectedItemHealthError.Resolve" time="0.0031" asserts="0" success="True" result="Ignored" executed="False" />
        </results>
      </test-suite>
      <test-suite type="TestFixture" name="Restart-AzRecoveryServicesReplicationJob" executed="True" result="Ignored" success="True" time="0.4578" asserts="0" description="Restart-AzRecoveryServicesReplicationJob">
        <results>
          <test-case description="Restart" name="Restart-AzRecoveryServicesReplicationJob.Restart" time="0.4578" asserts="0" success="True" result="Ignored" executed="False" />
        </results>
      </test-suite>
      <test-suite type="TestFixture" name="Resume-AzRecoveryServicesReplicationJob" executed="True" result="Ignored" success="True" time="0.4508" asserts="0" description="Resume-AzRecoveryServicesReplicationJob">
        <results>
          <test-case description="ResumeExpanded" name="Resume-AzRecoveryServicesReplicationJob.ResumeExpanded" time="0.4469" asserts="0" success="True" result="Ignored" executed="False" />
          <test-case description="Resume" name="Resume-AzRecoveryServicesReplicationJob.Resume" time="0.004" asserts="0" success="True" result="Ignored" executed="False" />
        </results>
      </test-suite>
      <test-suite type="TestFixture" name="Resume-AzRecoveryServicesReplicationMigrationItemReplication" executed="True" result="Ignored" success="True" time="0.4681" asserts="0" description="Resume-AzRecoveryServicesReplicationMigrationItemReplication">
        <results>
          <test-case description="ResumeExpanded" name="Resume-AzRecoveryServicesReplicationMigrationItemReplication.ResumeExpanded" time="0.462" asserts="0" success="True" result="Ignored" executed="False" />
          <test-case description="Resume" name="Resume-AzRecoveryServicesReplicationMigrationItemReplication.Resume" time="0.0061" asserts="0" success="True" result="Ignored" executed="False" />
        </results>
      </test-suite>
      <test-suite type="TestFixture" name="Stop-AzRecoveryServicesReplicationJob" executed="True" result="Ignored" success="True" time="0.4845" asserts="0" description="Stop-AzRecoveryServicesReplicationJob">
        <results>
          <test-case description="Cancel" name="Stop-AzRecoveryServicesReplicationJob.Cancel" time="0.4845" asserts="0" success="True" result="Ignored" executed="False" />
        </results>
      </test-suite>
      <test-suite type="TestFixture" name="Stop-AzRecoveryServicesReplicationProtectedItemFailover" executed="True" result="Ignored" success="True" time="0.4531" asserts="0" description="Stop-AzRecoveryServicesReplicationProtectedItemFailover">
        <results>
          <test-case description="Cancel" name="Stop-AzRecoveryServicesReplicationProtectedItemFailover.Cancel" time="0.4531" asserts="0" success="True" result="Ignored" executed="False" />
        </results>
      </test-suite>
      <test-suite type="TestFixture" name="Stop-AzRecoveryServicesReplicationRecoveryPlanFailover" executed="True" result="Ignored" success="True" time="0.576" asserts="0" description="Stop-AzRecoveryServicesReplicationRecoveryPlanFailover">
        <results>
          <test-case description="Cancel" name="Stop-AzRecoveryServicesReplicationRecoveryPlanFailover.Cancel" time="0.576" asserts="0" success="True" result="Ignored" executed="False" />
        </results>
      </test-suite>
      <test-suite type="TestFixture" name="Suspend-AzRecoveryServicesReplicationMigrationItemReplication" executed="True" result="Ignored" success="True" time="0.4618" asserts="0" description="Suspend-AzRecoveryServicesReplicationMigrationItemReplication">
        <results>
          <test-case description="PauseExpanded" name="Suspend-AzRecoveryServicesReplicationMigrationItemReplication.PauseExpanded" time="0.4495" asserts="0" success="True" result="Ignored" executed="False" />
          <test-case description="Pause" name="Suspend-AzRecoveryServicesReplicationMigrationItemReplication.Pause" time="0.0123" asserts="0" success="True" result="Ignored" executed="False" />
        </results>
      </test-suite>
      <test-suite type="TestFixture" name="Switch-AzRecoveryServicesReplicationProtectedItemProvider" executed="True" result="Ignored" success="True" time="0.507" asserts="0" description="Switch-AzRecoveryServicesReplicationProtectedItemProvider">
        <results>
          <test-case description="SwitchExpanded" name="Switch-AzRecoveryServicesReplicationProtectedItemProvider.SwitchExpanded" time="0.5034" asserts="0" success="True" result="Ignored" executed="False" />
          <test-case description="Switch" name="Switch-AzRecoveryServicesReplicationProtectedItemProvider.Switch" time="0.0035" asserts="0" success="True" result="Ignored" executed="False" />
        </results>
      </test-suite>
      <test-suite type="TestFixture" name="Switch-AzRecoveryServicesReplicationProtectionContainerProtection" executed="True" result="Ignored" success="True" time="0.4557" asserts="0" description="Switch-AzRecoveryServicesReplicationProtectionContainerProtection">
        <results>
          <test-case description="SwitchExpanded" name="Switch-AzRecoveryServicesReplicationProtectionContainerProtection.SwitchExpanded" time="0.4516" asserts="0" success="True" result="Ignored" executed="False" />
          <test-case description="Switch" name="Switch-AzRecoveryServicesReplicationProtectionContainerProtection.Switch" time="0.0041" asserts="0" success="True" result="Ignored" executed="False" />
        </results>
      </test-suite>
      <test-suite type="TestFixture" name="Test-AzRecoveryServicesReplicationFabricConsistency" executed="True" result="Ignored" success="True" time="0.4452" asserts="0" description="Test-AzRecoveryServicesReplicationFabricConsistency">
        <results>
          <test-case description="Check" name="Test-AzRecoveryServicesReplicationFabricConsistency.Check" time="0.4452" asserts="0" success="True" result="Ignored" executed="False" />
        </results>
      </test-suite>
      <test-suite type="TestFixture" name="Test-AzRecoveryServicesReplicationMigrationItemMigrate" executed="True" result="Ignored" success="True" time="0.437" asserts="0" description="Test-AzRecoveryServicesReplicationMigrationItemMigrate">
        <results>
          <test-case description="TestExpanded" name="Test-AzRecoveryServicesReplicationMigrationItemMigrate.TestExpanded" time="0.4342" asserts="0" success="True" result="Ignored" executed="False" />
          <test-case description="Test" name="Test-AzRecoveryServicesReplicationMigrationItemMigrate.Test" time="0.0029" asserts="0" success="True" result="Ignored" executed="False" />
        </results>
      </test-suite>
      <test-suite type="TestFixture" name="Test-AzRecoveryServicesReplicationMigrationItemMigrateCleanup" executed="True" result="Ignored" success="True" time="0.4661" asserts="0" description="Test-AzRecoveryServicesReplicationMigrationItemMigrateCleanup">
        <results>
          <test-case description="TestExpanded" name="Test-AzRecoveryServicesReplicationMigrationItemMigrateCleanup.TestExpanded" time="0.462" asserts="0" success="True" result="Ignored" executed="False" />
          <test-case description="Test" name="Test-AzRecoveryServicesReplicationMigrationItemMigrateCleanup.Test" time="0.004" asserts="0" success="True" result="Ignored" executed="False" />
        </results>
      </test-suite>
      <test-suite type="TestFixture" name="Test-AzRecoveryServicesReplicationProtectedItemFailover" executed="True" result="Ignored" success="True" time="0.4621" asserts="0" description="Test-AzRecoveryServicesReplicationProtectedItemFailover">
        <results>
          <test-case description="TestExpanded" name="Test-AzRecoveryServicesReplicationProtectedItemFailover.TestExpanded" time="0.4594" asserts="0" success="True" result="Ignored" executed="False" />
          <test-case description="Test" name="Test-AzRecoveryServicesReplicationProtectedItemFailover.Test" time="0.0028" asserts="0" success="True" result="Ignored" executed="False" />
        </results>
      </test-suite>
      <test-suite type="TestFixture" name="Test-AzRecoveryServicesReplicationProtectedItemFailoverCleanup" executed="True" result="Ignored" success="True" time="0.4635" asserts="0" description="Test-AzRecoveryServicesReplicationProtectedItemFailoverCleanup">
        <results>
          <test-case description="TestExpanded" name="Test-AzRecoveryServicesReplicationProtectedItemFailoverCleanup.TestExpanded" time="0.4601" asserts="0" success="True" result="Ignored" executed="False" />
          <test-case description="Test" name="Test-AzRecoveryServicesReplicationProtectedItemFailoverCleanup.Test" time="0.0034" asserts="0" success="True" result="Ignored" executed="False" />
        </results>
      </test-suite>
      <test-suite type="TestFixture" name="Test-AzRecoveryServicesReplicationRecoveryPlanFailover" executed="True" result="Ignored" success="True" time="0.4566" asserts="0" description="Test-AzRecoveryServicesReplicationRecoveryPlanFailover">
        <results>
          <test-case description="TestExpanded" name="Test-AzRecoveryServicesReplicationRecoveryPlanFailover.TestExpanded" time="0.4535" asserts="0" success="True" result="Ignored" executed="False" />
          <test-case description="Test" name="Test-AzRecoveryServicesReplicationRecoveryPlanFailover.Test" time="0.0031" asserts="0" success="True" result="Ignored" executed="False" />
        </results>
      </test-suite>
      <test-suite type="TestFixture" name="Test-AzRecoveryServicesReplicationRecoveryPlanFailoverCleanup" executed="True" result="Ignored" success="True" time="0.4997" asserts="0" description="Test-AzRecoveryServicesReplicationRecoveryPlanFailoverCleanup">
        <results>
          <test-case description="TestExpanded" name="Test-AzRecoveryServicesReplicationRecoveryPlanFailoverCleanup.TestExpanded" time="0.4968" asserts="0" success="True" result="Ignored" executed="False" />
          <test-case description="Test" name="Test-AzRecoveryServicesReplicationRecoveryPlanFailoverCleanup.Test" time="0.003" asserts="0" success="True" result="Ignored" executed="False" />
        </results>
      </test-suite>
      <test-suite type="TestFixture" name="Update-AzRecoveryServicesReplicationMigrationItem" executed="True" result="Ignored" success="True" time="0.5033" asserts="0" description="Update-AzRecoveryServicesReplicationMigrationItem">
        <results>
          <test-case description="UpdateExpanded" name="Update-AzRecoveryServicesReplicationMigrationItem.UpdateExpanded" time="0.4992" asserts="0" success="True" result="Ignored" executed="False" />
          <test-case description="Update" name="Update-AzRecoveryServicesReplicationMigrationItem.Update" time="0.0041" asserts="0" success="True" result="Ignored" executed="False" />
        </results>
      </test-suite>
      <test-suite type="TestFixture" name="Update-AzRecoveryServicesReplicationNetworkMapping" executed="True" result="Ignored" success="True" time="0.4772" asserts="0" description="Update-AzRecoveryServicesReplicationNetworkMapping">
        <results>
          <test-case description="UpdateExpanded" name="Update-AzRecoveryServicesReplicationNetworkMapping.UpdateExpanded" time="0.4743" asserts="0" success="True" result="Ignored" executed="False" />
          <test-case description="Update" name="Update-AzRecoveryServicesReplicationNetworkMapping.Update" time="0.0029" asserts="0" success="True" result="Ignored" executed="False" />
        </results>
      </test-suite>
      <test-suite type="TestFixture" name="Update-AzRecoveryServicesReplicationPolicy" executed="True" result="Ignored" success="True" time="32.6122" asserts="0" description="Update-AzRecoveryServicesReplicationPolicy">
        <results>
          <test-case description="UpdateExpanded" name="Update-AzRecoveryServicesReplicationPolicy.UpdateExpanded" time="32.6049" asserts="0" success="True" result="Success" executed="True" />
          <test-case description="Update" name="Update-AzRecoveryServicesReplicationPolicy.Update" time="0.0072" asserts="0" success="True" result="Ignored" executed="False" />
        </results>
      </test-suite>
      <test-suite type="TestFixture" name="Update-AzRecoveryServicesReplicationProtectedItem" executed="True" result="Ignored" success="True" time="0.4684" asserts="0" description="Update-AzRecoveryServicesReplicationProtectedItem">
        <results>
          <test-case description="UpdateExpanded" name="Update-AzRecoveryServicesReplicationProtectedItem.UpdateExpanded" time="0.4631" asserts="0" success="True" result="Ignored" executed="False" />
          <test-case description="Update" name="Update-AzRecoveryServicesReplicationProtectedItem.Update" time="0.0053" asserts="0" success="True" result="Ignored" executed="False" />
        </results>
      </test-suite>
      <test-suite type="TestFixture" name="Update-AzRecoveryServicesReplicationProtectedItemAppliance" executed="True" result="Ignored" success="True" time="0.5299" asserts="0" description="Update-AzRecoveryServicesReplicationProtectedItemAppliance">
        <results>
          <test-case description="UpdateExpanded" name="Update-AzRecoveryServicesReplicationProtectedItemAppliance.UpdateExpanded" time="0.5262" asserts="0" success="True" result="Ignored" executed="False" />
          <test-case description="Update" name="Update-AzRecoveryServicesReplicationProtectedItemAppliance.Update" time="0.0037" asserts="0" success="True" result="Ignored" executed="False" />
        </results>
      </test-suite>
      <test-suite type="TestFixture" name="Update-AzRecoveryServicesReplicationProtectedItemMobilityService" executed="True" result="Ignored" success="True" time="0.511" asserts="0" description="Update-AzRecoveryServicesReplicationProtectedItemMobilityService">
        <results>
          <test-case description="UpdateExpanded" name="Update-AzRecoveryServicesReplicationProtectedItemMobilityService.UpdateExpanded" time="0.5003" asserts="0" success="True" result="Ignored" executed="False" />
          <test-case description="Update" name="Update-AzRecoveryServicesReplicationProtectedItemMobilityService.Update" time="0.0107" asserts="0" success="True" result="Ignored" executed="False" />
        </results>
      </test-suite>
      <test-suite type="TestFixture" name="Update-AzRecoveryServicesReplicationProtectionContainerMapping" executed="True" result="Ignored" success="True" time="33.027" asserts="0" description="Update-AzRecoveryServicesReplicationProtectionContainerMapping">
        <results>
          <test-case description="UpdateExpanded" name="Update-AzRecoveryServicesReplicationProtectionContainerMapping.UpdateExpanded" time="33.0218" asserts="0" success="True" result="Success" executed="True" />
          <test-case description="Update" name="Update-AzRecoveryServicesReplicationProtectionContainerMapping.Update" time="0.0051" asserts="0" success="True" result="Ignored" executed="False" />
        </results>
      </test-suite>
      <test-suite type="TestFixture" name="Update-AzRecoveryServicesReplicationRecoveryPlan" executed="True" result="Ignored" success="True" time="0.4774" asserts="0" description="Update-AzRecoveryServicesReplicationRecoveryPlan">
        <results>
          <test-case description="UpdateExpanded" name="Update-AzRecoveryServicesReplicationRecoveryPlan.UpdateExpanded" time="0.4739" asserts="0" success="True" result="Ignored" executed="False" />
          <test-case description="Update" name="Update-AzRecoveryServicesReplicationRecoveryPlan.Update" time="0.0035" asserts="0" success="True" result="Ignored" executed="False" />
        </results>
      </test-suite>
      <test-suite type="TestFixture" name="Update-AzRecoveryServicesReplicationRecoveryServiceProvider" executed="True" result="Ignored" success="True" time="0.5164" asserts="0" description="Update-AzRecoveryServicesReplicationRecoveryServiceProvider">
        <results>
          <test-case description="Refresh" name="Update-AzRecoveryServicesReplicationRecoveryServiceProvider.Refresh" time="0.4998" asserts="0" success="True" result="Ignored" executed="False" />
          <test-case description="RefreshViaIdentity" name="Update-AzRecoveryServicesReplicationRecoveryServiceProvider.RefreshViaIdentity" time="0.0167" asserts="0" success="True" result="Ignored" executed="False" />
        </results>
      </test-suite>
      <test-suite type="TestFixture" name="Update-AzRecoveryServicesReplicationVaultHealth" executed="True" result="Ignored" success="True" time="0.4967" asserts="0" description="Update-AzRecoveryServicesReplicationVaultHealth">
        <results>
          <test-case description="Refresh" name="Update-AzRecoveryServicesReplicationVaultHealth.Refresh" time="0.4967" asserts="0" success="True" result="Ignored" executed="False" />
        </results>
      </test-suite>
      <test-suite type="TestFixture" name="Update-AzRecoveryServicesReplicationvCenter" executed="True" result="Ignored" success="True" time="0.4865" asserts="0" description="Update-AzRecoveryServicesReplicationvCenter">
        <results>
          <test-case description="UpdateExpanded" name="Update-AzRecoveryServicesReplicationvCenter.UpdateExpanded" time="0.4791" asserts="0" success="True" result="Ignored" executed="False" />
          <test-case description="Update" name="Update-AzRecoveryServicesReplicationvCenter.Update" time="0.0074" asserts="0" success="True" result="Ignored" executed="False" />
        </results>
      </test-suite>
    </results>
  </test-suite>
</test-results>